Handling lib "mqtt"...
Handling lib "wifi"...
Handling lib "http-server"...
Handling lib "zz_boards"...
Handling lib "ca-bundle"...
Handling lib "rpc-service-config"...
Handling lib "rpc-service-fs"...
Handling lib "rpc-uart"...
Handling lib "dash"...
Handling lib "arduino-dallas-temperature"...
Handling lib "dht"...
Handling lib "core"...
Handling lib "adc"...
Handling lib "mjs"...
rpc-service-fs: Checking out 2.13.0...
mqtt: Checking out 2.13.0...
wifi: Checking out 2.13.0...
zz_boards: Checking out 2.13.0...
rpc-service-config: Checking out 2.13.0...
http-server: Checking out 2.13.0...
rpc-uart: Checking out 2.13.0...
ca-bundle: Checking out 2.13.0...
dht: Checking out 2.13.0...
dash: Checking out 2.13.0...
arduino-dallas-temperature: Checking out 2.13.0...
core: Checking out 2.13.0...
adc: Checking out 2.13.0...
mjs: Checking out 2.13.0...
mqtt: Done, hash 4ba6a2b8a67b51838545f7a5b60b059c31f4bfb3
rpc-service-fs: Done, hash 5f252c2fa5ba989c09f734a4c407bcfef3699e38
zz_boards: Done, hash 897a76f9b7306751dea4596f38df4486548ae2da
rpc-service-config: Done, hash 38b99d4330e48bc71b93d9a12c133077cbedf03d
http-server: Done, hash 3854855a6342a1faed05a9c3511b93d3dc8d5389
wifi: Done, hash 2a814e9c3506e55ee7a4ac185fc64ac037597d15
rpc-uart: Done, hash 4c68e5d7b3eecb19ccc6128f111a118384ed20b4
ca-bundle: Done, hash d5a470b260e3485660ffed6b5b1c7c961bd2b88c
dht: Done, hash c5079863203c172fc5b6420c2c2557d4df9d2342
dash: Done, hash 259a349a84cf5e9f4a0314d6b59520999db8b959
mqtt: Hash unchanged at 4ba6a2b8a67b51838545f7a5b60b059c31f4bfb3 (dir "/data/fwbuild-volumes/2.13.0/apps/app1/esp8266/build_contexts/build_ctx_046401972/deps/mqtt")
mqtt: Prepared local dir: "/data/fwbuild-volumes/2.13.0/apps/app1/esp8266/build_contexts/build_ctx_046401972/deps/mqtt"
rpc-service-fs: Hash unchanged at 5f252c2fa5ba989c09f734a4c407bcfef3699e38 (dir "/data/fwbuild-volumes/2.13.0/apps/app1/esp8266/build_contexts/build_ctx_046401972/deps/rpc-service-fs")
rpc-service-config: Hash unchanged at 38b99d4330e48bc71b93d9a12c133077cbedf03d (dir "/data/fwbuild-volumes/2.13.0/apps/app1/esp8266/build_contexts/build_ctx_046401972/deps/rpc-service-config")
rpc-service-fs: Prepared local dir: "/data/fwbuild-volumes/2.13.0/apps/app1/esp8266/build_contexts/build_ctx_046401972/deps/rpc-service-fs"
rpc-service-config: Prepared local dir: "/data/fwbuild-volumes/2.13.0/apps/app1/esp8266/build_contexts/build_ctx_046401972/deps/rpc-service-config"
zz_boards: Hash unchanged at 897a76f9b7306751dea4596f38df4486548ae2da (dir "/data/fwbuild-volumes/2.13.0/apps/app1/esp8266/build_contexts/build_ctx_046401972/deps/boards")
zz_boards: Prepared local dir: "/data/fwbuild-volumes/2.13.0/apps/app1/esp8266/build_contexts/build_ctx_046401972/deps/boards"
http-server: Hash unchanged at 3854855a6342a1faed05a9c3511b93d3dc8d5389 (dir "/data/fwbuild-volumes/2.13.0/apps/app1/esp8266/build_contexts/build_ctx_046401972/deps/http-server")
http-server: Prepared local dir: "/data/fwbuild-volumes/2.13.0/apps/app1/esp8266/build_contexts/build_ctx_046401972/deps/http-server"
wifi: Hash unchanged at 2a814e9c3506e55ee7a4ac185fc64ac037597d15 (dir "/data/fwbuild-volumes/2.13.0/apps/app1/esp8266/build_contexts/build_ctx_046401972/deps/wifi")
wifi: Prepared local dir: "/data/fwbuild-volumes/2.13.0/apps/app1/esp8266/build_contexts/build_ctx_046401972/deps/wifi"
rpc-uart: Hash unchanged at 4c68e5d7b3eecb19ccc6128f111a118384ed20b4 (dir "/data/fwbuild-volumes/2.13.0/apps/app1/esp8266/build_contexts/build_ctx_046401972/deps/rpc-uart")
rpc-uart: Prepared local dir: "/data/fwbuild-volumes/2.13.0/apps/app1/esp8266/build_contexts/build_ctx_046401972/deps/rpc-uart"
ca-bundle: Hash unchanged at d5a470b260e3485660ffed6b5b1c7c961bd2b88c (dir "/data/fwbuild-volumes/2.13.0/apps/app1/esp8266/build_contexts/build_ctx_046401972/deps/ca-bundle")
ca-bundle: Prepared local dir: "/data/fwbuild-volumes/2.13.0/apps/app1/esp8266/build_contexts/build_ctx_046401972/deps/ca-bundle"
dht: Hash unchanged at c5079863203c172fc5b6420c2c2557d4df9d2342 (dir "/data/fwbuild-volumes/2.13.0/apps/app1/esp8266/build_contexts/build_ctx_046401972/deps/dht")
dht: Prepared local dir: "/data/fwbuild-volumes/2.13.0/apps/app1/esp8266/build_contexts/build_ctx_046401972/deps/dht"
dash: Hash unchanged at 259a349a84cf5e9f4a0314d6b59520999db8b959 (dir "/data/fwbuild-volumes/2.13.0/apps/app1/esp8266/build_contexts/build_ctx_046401972/deps/dash")
dash: Prepared local dir: "/data/fwbuild-volumes/2.13.0/apps/app1/esp8266/build_contexts/build_ctx_046401972/deps/dash"
core: Done, hash 178525f5e1e988468beccc328952df39199d99b2
mjs: Done, hash 03b44d70ab42cdc5d7f259031d4e39517cd6260e
arduino-dallas-temperature: Done, hash 8bd4a66bfa8c7260e82cbb314060ce26f9a9d651
adc: Done, hash 66859b0ba3aa7c8184abb2b96433128e06b864bd
core: Hash unchanged at 178525f5e1e988468beccc328952df39199d99b2 (dir "/data/fwbuild-volumes/2.13.0/apps/app1/esp8266/build_contexts/build_ctx_046401972/deps/core")
core: Prepared local dir: "/data/fwbuild-volumes/2.13.0/apps/app1/esp8266/build_contexts/build_ctx_046401972/deps/core"
mjs: Hash unchanged at 03b44d70ab42cdc5d7f259031d4e39517cd6260e (dir "/data/fwbuild-volumes/2.13.0/apps/app1/esp8266/build_contexts/build_ctx_046401972/deps/mjs")
mjs: Prepared local dir: "/data/fwbuild-volumes/2.13.0/apps/app1/esp8266/build_contexts/build_ctx_046401972/deps/mjs"
arduino-dallas-temperature: Hash unchanged at 8bd4a66bfa8c7260e82cbb314060ce26f9a9d651 (dir "/data/fwbuild-volumes/2.13.0/apps/app1/esp8266/build_contexts/build_ctx_046401972/deps/arduino-dallas-temperature")
arduino-dallas-temperature: Prepared local dir: "/data/fwbuild-volumes/2.13.0/apps/app1/esp8266/build_contexts/build_ctx_046401972/deps/arduino-dallas-temperature"
adc: Hash unchanged at 66859b0ba3aa7c8184abb2b96433128e06b864bd (dir "/data/fwbuild-volumes/2.13.0/apps/app1/esp8266/build_contexts/build_ctx_046401972/deps/adc")
adc: Prepared local dir: "/data/fwbuild-volumes/2.13.0/apps/app1/esp8266/build_contexts/build_ctx_046401972/deps/adc"
Handling lib "rpc-common"...
rpc-common: Checking out 2.13.0...
rpc-common: Done, hash 29c26d41a60bc851964ca25291b9e2cd4c6421c4
rpc-common: Hash unchanged at 29c26d41a60bc851964ca25291b9e2cd4c6421c4 (dir "/data/fwbuild-volumes/2.13.0/apps/app1/esp8266/build_contexts/build_ctx_046401972/deps/rpc-common")
rpc-common: Prepared local dir: "/data/fwbuild-volumes/2.13.0/apps/app1/esp8266/build_contexts/build_ctx_046401972/deps/rpc-common"
Handling lib "rpc-ws"...
Handling lib "shadow"...
Handling lib "ota-shadow"...
rpc-ws: Checking out 2.13.0...
shadow: Checking out 2.13.0...
ota-shadow: Checking out 2.13.0...
shadow: Done, hash 3c21f7bfd2f5e2cbaa8e3f4621ff3f964e669b64
rpc-ws: Done, hash e8e507f4a91eb96a0c664fa33319b2e4f0ed89b2
ota-shadow: Done, hash 53fe885287cb062beb6e2e3cbbb44430b50c0008
shadow: Hash unchanged at 3c21f7bfd2f5e2cbaa8e3f4621ff3f964e669b64 (dir "/data/fwbuild-volumes/2.13.0/apps/app1/esp8266/build_contexts/build_ctx_046401972/deps/shadow")
shadow: Prepared local dir: "/data/fwbuild-volumes/2.13.0/apps/app1/esp8266/build_contexts/build_ctx_046401972/deps/shadow"
rpc-ws: Hash unchanged at e8e507f4a91eb96a0c664fa33319b2e4f0ed89b2 (dir "/data/fwbuild-volumes/2.13.0/apps/app1/esp8266/build_contexts/build_ctx_046401972/deps/rpc-ws")
rpc-ws: Prepared local dir: "/data/fwbuild-volumes/2.13.0/apps/app1/esp8266/build_contexts/build_ctx_046401972/deps/rpc-ws"
ota-shadow: Hash unchanged at 53fe885287cb062beb6e2e3cbbb44430b50c0008 (dir "/data/fwbuild-volumes/2.13.0/apps/app1/esp8266/build_contexts/build_ctx_046401972/deps/ota-shadow")
ota-shadow: Prepared local dir: "/data/fwbuild-volumes/2.13.0/apps/app1/esp8266/build_contexts/build_ctx_046401972/deps/ota-shadow"
Handling lib "arduino-onewire"...
Handling lib "arduino-compat"...
arduino-onewire: Checking out 2.13.0...
arduino-compat: Checking out 2.13.0...
arduino-onewire: Done, hash 207e2a5f6222b74854d2b540d47f844d625effcf
arduino-compat: Done, hash 943b0bca7333235ff527d9bca5cf0d7b70ea50b5
arduino-onewire: Hash unchanged at 207e2a5f6222b74854d2b540d47f844d625effcf (dir "/data/fwbuild-volumes/2.13.0/apps/app1/esp8266/build_contexts/build_ctx_046401972/deps/arduino-onewire")
arduino-onewire: Prepared local dir: "/data/fwbuild-volumes/2.13.0/apps/app1/esp8266/build_contexts/build_ctx_046401972/deps/arduino-onewire"
arduino-compat: Hash unchanged at 943b0bca7333235ff527d9bca5cf0d7b70ea50b5 (dir "/data/fwbuild-volumes/2.13.0/apps/app1/esp8266/build_contexts/build_ctx_046401972/deps/arduino-compat")
arduino-compat: Prepared local dir: "/data/fwbuild-volumes/2.13.0/apps/app1/esp8266/build_contexts/build_ctx_046401972/deps/arduino-compat"
Handling lib "mongoose"...
mongoose: Checking out 2.13.0...
mongoose: Done, hash 5d2c8fd28e20d7041a1540c3022b721fdde97de4
mongoose: Hash unchanged at 5d2c8fd28e20d7041a1540c3022b721fdde97de4 (dir "/data/fwbuild-volumes/2.13.0/apps/app1/esp8266/build_contexts/build_ctx_046401972/deps/mongoose")
mongoose: Prepared local dir: "/data/fwbuild-volumes/2.13.0/apps/app1/esp8266/build_contexts/build_ctx_046401972/deps/mongoose"
Handling lib "ota-http-client"...
Handling lib "ota-common"...
ota-http-client: Checking out 2.13.0...
ota-common: Checking out 2.13.0...
ota-http-client: Done, hash 5f9f566b39e7672cf98c24e0b5b78d446c46a7ff
ota-common: Done, hash 5f56e7ac19bcf95f65c8d0d3b8b03fade5b20875
ota-common: Hash unchanged at 5f56e7ac19bcf95f65c8d0d3b8b03fade5b20875 (dir "/data/fwbuild-volumes/2.13.0/apps/app1/esp8266/build_contexts/build_ctx_046401972/deps/ota-common")
ota-common: Prepared local dir: "/data/fwbuild-volumes/2.13.0/apps/app1/esp8266/build_contexts/build_ctx_046401972/deps/ota-common"
ota-http-client: Hash unchanged at 5f9f566b39e7672cf98c24e0b5b78d446c46a7ff (dir "/data/fwbuild-volumes/2.13.0/apps/app1/esp8266/build_contexts/build_ctx_046401972/deps/ota-http-client")
ota-http-client: Prepared local dir: "/data/fwbuild-volumes/2.13.0/apps/app1/esp8266/build_contexts/build_ctx_046401972/deps/ota-http-client"
Handling lib "onewire"...
onewire: Checking out 2.13.0...
onewire: Done, hash e90a2304cd7203184ef50904c2841cdf2b7a5390
onewire: Hash unchanged at e90a2304cd7203184ef50904c2841cdf2b7a5390 (dir "/data/fwbuild-volumes/2.13.0/apps/app1/esp8266/build_contexts/build_ctx_046401972/deps/onewire")
onewire: Prepared local dir: "/data/fwbuild-volumes/2.13.0/apps/app1/esp8266/build_contexts/build_ctx_046401972/deps/onewire"
Handling lib "mbedtls"...
Handling lib "vfs-common"...
vfs-common: Checking out 2.13.0...
mbedtls: Checking out 2.13.0...
vfs-common: Done, hash 2371da9a37f7367bd69fd4032dae23da1ec6df3e
vfs-common: Hash unchanged at 2371da9a37f7367bd69fd4032dae23da1ec6df3e (dir "/data/fwbuild-volumes/2.13.0/apps/app1/esp8266/build_contexts/build_ctx_046401972/deps/vfs-common")
vfs-common: Prepared local dir: "/data/fwbuild-volumes/2.13.0/apps/app1/esp8266/build_contexts/build_ctx_046401972/deps/vfs-common"
mbedtls: Done, hash 27f803b745ccaa40b7847a567b02183a9992de2f
mbedtls: Hash unchanged at 27f803b745ccaa40b7847a567b02183a9992de2f (dir "/data/fwbuild-volumes/2.13.0/apps/app1/esp8266/build_contexts/build_ctx_046401972/deps/mbedtls")
mbedtls: Prepared local dir: "/data/fwbuild-volumes/2.13.0/apps/app1/esp8266/build_contexts/build_ctx_046401972/deps/mbedtls"
Handling lib "atca"...
atca: Checking out 2.13.0...
atca: Done, hash e7734361b3e781eec886406036005e20495f3e76
atca: Hash unchanged at e7734361b3e781eec886406036005e20495f3e76 (dir "/data/fwbuild-volumes/2.13.0/apps/app1/esp8266/build_contexts/build_ctx_046401972/deps/atca")
atca: Prepared local dir: "/data/fwbuild-volumes/2.13.0/apps/app1/esp8266/build_contexts/build_ctx_046401972/deps/atca"
Handling lib "i2c"...
i2c: Checking out 2.13.0...
i2c: Done, hash a020b0e8be3a2d89e5392e57874d9e650369b4c7
i2c: Hash unchanged at a020b0e8be3a2d89e5392e57874d9e650369b4c7 (dir "/data/fwbuild-volumes/2.13.0/apps/app1/esp8266/build_contexts/build_ctx_046401972/deps/i2c")
i2c: Prepared local dir: "/data/fwbuild-volumes/2.13.0/apps/app1/esp8266/build_contexts/build_ctx_046401972/deps/i2c"
Handling lib "vfs-dev-part"...
Handling lib "vfs-fs-spiffs"...
vfs-dev-part: Checking out 2.13.0...
vfs-fs-spiffs: Checking out 2.13.0...
vfs-dev-part: Done, hash 94426df449f807e4268e1d1a3ee5146da85902da
vfs-fs-spiffs: Done, hash 6fef5f74fc5f8e07b6324759066c0e9d06653693
vfs-dev-part: Hash unchanged at 94426df449f807e4268e1d1a3ee5146da85902da (dir "/data/fwbuild-volumes/2.13.0/apps/app1/esp8266/build_contexts/build_ctx_046401972/deps/vfs-dev-part")
vfs-dev-part: Prepared local dir: "/data/fwbuild-volumes/2.13.0/apps/app1/esp8266/build_contexts/build_ctx_046401972/deps/vfs-dev-part"
vfs-fs-spiffs: Hash unchanged at 6fef5f74fc5f8e07b6324759066c0e9d06653693 (dir "/data/fwbuild-volumes/2.13.0/apps/app1/esp8266/build_contexts/build_ctx_046401972/deps/vfs-fs-spiffs")
vfs-fs-spiffs: Prepared local dir: "/data/fwbuild-volumes/2.13.0/apps/app1/esp8266/build_contexts/build_ctx_046401972/deps/vfs-fs-spiffs"
The flag --module is not given for the module "mjs_module", going to use the repository
mjs_module: Checking out 2.13.0...
mjs_module: Done, hash a0f8832dab490e08de64d3ab7688ac9ef50a7d37
The flag --repo is not given, going to use mongoose-os repository
mongoose-os: Checking out 2.13.0...
mongoose-os: Done, hash d165a7890befc5a0fa5b0b732f34409f21938883
Prebuilt binary for "mbedtls" already exists at "/data/fwbuild-volumes/2.13.0/apps/app1/esp8266/build_contexts/build_ctx_046401972/build/objs/libmbedtls-esp8266-2.13.0.a"
Prebuilt binary for "mongoose" already exists at "/data/fwbuild-volumes/2.13.0/apps/app1/esp8266/build_contexts/build_ctx_046401972/build/objs/libmongoose-esp8266-2.13.0.a"
Prebuilt binary for "ota-common" already exists at "/data/fwbuild-volumes/2.13.0/apps/app1/esp8266/build_contexts/build_ctx_046401972/build/objs/libota-common-esp8266-2.13.0.a"
Prebuilt binary for "ota-http-client" already exists at "/data/fwbuild-volumes/2.13.0/apps/app1/esp8266/build_contexts/build_ctx_046401972/build/objs/libota-http-client-esp8266-2.13.0.a"
Prebuilt binary for "ota-shadow" already exists at "/data/fwbuild-volumes/2.13.0/apps/app1/esp8266/build_contexts/build_ctx_046401972/build/objs/libota-shadow-esp8266-2.13.0.a"
Prebuilt binary for "dash" already exists at "/data/fwbuild-volumes/2.13.0/apps/app1/esp8266/build_contexts/build_ctx_046401972/build/objs/libdash-esp8266-2.13.0.a"
Sources: [/data/fwbuild-volumes/2.13.0/apps/app1/esp8266/build_contexts/build_ctx_046401972/build/gen/mgos_deps_init.c /data/fwbuild-volumes/2.13.0/apps/app1/esp8266/build_contexts/build_ctx_046401972/deps/adc/esp8266/src/esp_adc.c /data/fwbuild-volumes/2.13.0/apps/app1/esp8266/build_contexts/build_ctx_046401972/deps/i2c/src/mgos_i2c_master.c /data/fwbuild-volumes/2.13.0/apps/app1/esp8266/build_contexts/build_ctx_046401972/deps/i2c/src/gpio/gpio_i2c_master.c /data/fwbuild-volumes/2.13.0/apps/app1/esp8266/build_contexts/build_ctx_046401972/deps/atca/src/mgos_atca.c /data/fwbuild-volumes/2.13.0/apps/app1/esp8266/build_contexts/build_ctx_046401972/deps/atca/cryptoauthlib/lib/atca_cfgs.c /data/fwbuild-volumes/2.13.0/apps/app1/esp8266/build_contexts/build_ctx_046401972/deps/atca/cryptoauthlib/lib/atca_command.c /data/fwbuild-volumes/2.13.0/apps/app1/esp8266/build_contexts/build_ctx_046401972/deps/atca/cryptoauthlib/lib/atca_device.c /data/fwbuild-volumes/2.13.0/apps/app1/esp8266/build_contexts/build_ctx_046401972/deps/atca/cryptoauthlib/lib/atca_iface.c /data/fwbuild-volumes/2.13.0/apps/app1/esp8266/build_contexts/build_ctx_046401972/deps/atca/cryptoauthlib/lib/basic/atca_basic.c /data/fwbuild-volumes/2.13.0/apps/app1/esp8266/build_contexts/build_ctx_046401972/deps/atca/cryptoauthlib/lib/basic/atca_helpers.c /data/fwbuild-volumes/2.13.0/apps/app1/esp8266/build_contexts/build_ctx_046401972/deps/atca/cryptoauthlib/lib/host/atca_host.c /data/fwbuild-volumes/2.13.0/apps/app1/esp8266/build_contexts/build_ctx_046401972/deps/vfs-common/src/mgos_vfs.c /data/fwbuild-volumes/2.13.0/apps/app1/esp8266/build_contexts/build_ctx_046401972/deps/vfs-common/src/mgos_vfs_dev.c /data/fwbuild-volumes/2.13.0/apps/app1/esp8266/build_contexts/build_ctx_046401972/deps/vfs-common/src/mgos_vfs_internal.c /data/fwbuild-volumes/2.13.0/apps/app1/esp8266/build_contexts/build_ctx_046401972/deps/vfs-common/src/esp8266/esp_flash_writer.c /data/fwbuild-volumes/2.13.0/apps/app1/esp8266/build_contexts/build_ctx_046401972/deps/vfs-common/src/esp8266/esp_fs.c /data/fwbuild-volumes/2.13.0/apps/app1/esp8266/build_contexts/build_ctx_046401972/deps/vfs-common/src/esp8266/esp_vfs_dev_sysflash.c /data/fwbuild-volumes/2.13.0/apps/app1/esp8266/build_contexts/build_ctx_046401972/deps/vfs-dev-part/src/mgos_vfs_dev_part.c /data/fwbuild-volumes/2.13.0/apps/app1/esp8266/build_contexts/build_ctx_046401972/deps/vfs-fs-spiffs/src/mgos_vfs_fs_spiffs.c /data/fwbuild-volumes/2.13.0/apps/app1/esp8266/build_contexts/build_ctx_046401972/deps/vfs-fs-spiffs/src/spiffs/spiffs_cache.c /data/fwbuild-volumes/2.13.0/apps/app1/esp8266/build_contexts/build_ctx_046401972/deps/vfs-fs-spiffs/src/spiffs/spiffs_check.c /data/fwbuild-volumes/2.13.0/apps/app1/esp8266/build_contexts/build_ctx_046401972/deps/vfs-fs-spiffs/src/spiffs/spiffs_gc.c /data/fwbuild-volumes/2.13.0/apps/app1/esp8266/build_contexts/build_ctx_046401972/deps/vfs-fs-spiffs/src/spiffs/spiffs_hydrogen.c /data/fwbuild-volumes/2.13.0/apps/app1/esp8266/build_contexts/build_ctx_046401972/deps/vfs-fs-spiffs/src/spiffs/spiffs_nucleus.c /data/fwbuild-volumes/2.13.0/apps/app1/esp8266/build_contexts/build_ctx_046401972/deps/core/src/mgos_core.c /data/fwbuild-volumes/2.13.0/apps/app1/esp8266/build_contexts/build_ctx_046401972/deps/core/src/esp8266/esp_rboot.c /data/fwbuild-volumes/2.13.0/apps/app1/esp8266/build_contexts/build_ctx_046401972/deps/arduino-compat/src/Print.cpp /data/fwbuild-volumes/2.13.0/apps/app1/esp8266/build_contexts/build_ctx_046401972/deps/arduino-compat/src/WString.cpp /data/fwbuild-volumes/2.13.0/apps/app1/esp8266/build_contexts/build_ctx_046401972/deps/arduino-compat/src/mgos_arduino.cpp /data/fwbuild-volumes/2.13.0/apps/app1/esp8266/build_contexts/build_ctx_046401972/deps/onewire/src/mgos_onewire.c /data/fwbuild-volumes/2.13.0/apps/app1/esp8266/build_contexts/build_ctx_046401972/deps/arduino-onewire/src/mgos_arduino_onewire_c.c /data/fwbuild-volumes/2.13.0/apps/app1/esp8266/build_contexts/build_ctx_046401972/deps/arduino-onewire/src/OneWire.cpp /data/fwbuild-volumes/2.13.0/apps/app1/esp8266/build_contexts/build_ctx_046401972/deps/arduino-onewire/src/mgos_arduino_onewire.cpp /data/fwbuild-volumes/2.13.0/apps/app1/esp8266/build_contexts/build_ctx_046401972/deps/arduino-dallas-temperature/src/mgos_arduino_dallas_temp_c.c /data/fwbuild-volumes/2.13.0/apps/app1/esp8266/build_contexts/build_ctx_046401972/deps/arduino-dallas-temperature/src/DallasTemperature.cpp /data/fwbuild-volumes/2.13.0/apps/app1/esp8266/build_contexts/build_ctx_046401972/deps/arduino-dallas-temperature/src/mgos_arduino_dallas_temp.cpp /data/fwbuild-volumes/2.13.0/apps/app1/esp8266/build_contexts/build_ctx_046401972/deps/shadow/src/mgos_shadow.c /data/fwbuild-volumes/2.13.0/apps/app1/esp8266/build_contexts/build_ctx_046401972/deps/rpc-common/src/mg_rpc.c /data/fwbuild-volumes/2.13.0/apps/app1/esp8266/build_contexts/build_ctx_046401972/deps/rpc-common/src/mg_rpc_channel.c /data/fwbuild-volumes/2.13.0/apps/app1/esp8266/build_contexts/build_ctx_046401972/deps/rpc-common/src/mg_rpc_channel_http.c /data/fwbuild-volumes/2.13.0/apps/app1/esp8266/build_contexts/build_ctx_046401972/deps/rpc-common/src/mgos_rpc.c /data/fwbuild-volumes/2.13.0/apps/app1/esp8266/build_contexts/build_ctx_046401972/deps/rpc-ws/src/mgos_rpc_channel_ws.c /data/fwbuild-volumes/2.13.0/apps/app1/esp8266/build_contexts/build_ctx_046401972/deps/rpc-ws/src/mgos_rpc_ws.c /data/fwbuild-volumes/2.13.0/apps/app1/esp8266/build_contexts/build_ctx_046401972/deps/dht/src/mgos_dht.c /data/fwbuild-volumes/2.13.0/apps/app1/esp8266/build_contexts/build_ctx_046401972/deps/http-server/src/mgos_http_server.c /data/fwbuild-volumes/2.13.0/apps/app1/esp8266/build_contexts/build_ctx_046401972/deps/mjs/src/mos_mjs.c /data/fwbuild-volumes/2.13.0/apps/app1/esp8266/build_contexts/build_ctx_046401972/deps/modules/mjs/mjs.c /data/fwbuild-volumes/2.13.0/apps/app1/esp8266/build_contexts/build_ctx_046401972/deps/mjs/esp8266/src/esp8266_mjs.c /data/fwbuild-volumes/2.13.0/apps/app1/esp8266/build_contexts/build_ctx_046401972/deps/mqtt/src/mgos_mqtt.c /data/fwbuild-volumes/2.13.0/apps/app1/esp8266/build_contexts/build_ctx_046401972/deps/rpc-service-config/src/mgos_service_config.c /data/fwbuild-volumes/2.13.0/apps/app1/esp8266/build_contexts/build_ctx_046401972/deps/rpc-service-fs/src/mgos_service_filesystem.c /data/fwbuild-volumes/2.13.0/apps/app1/esp8266/build_contexts/build_ctx_046401972/deps/rpc-uart/src/mgos_rpc_channel_uart.c /data/fwbuild-volumes/2.13.0/apps/app1/esp8266/build_contexts/build_ctx_046401972/deps/wifi/src/mgos_wifi.c /data/fwbuild-volumes/2.13.0/apps/app1/esp8266/build_contexts/build_ctx_046401972/deps/wifi/src/mjs_wifi.c /data/fwbuild-volumes/2.13.0/apps/app1/esp8266/build_contexts/build_ctx_046401972/deps/wifi/src/esp8266/esp_wifi.c]
Include dirs: [/data/fwbuild-volumes/2.13.0/apps/app1/esp8266/build_contexts/build_ctx_046401972/deps/adc/include /data/fwbuild-volumes/2.13.0/apps/app1/esp8266/build_contexts/build_ctx_046401972/deps/adc/esp8266/include /data/fwbuild-volumes/2.13.0/apps/app1/esp8266/build_contexts/build_ctx_046401972/deps/i2c/include /data/fwbuild-volumes/2.13.0/apps/app1/esp8266/build_contexts/build_ctx_046401972/deps/atca/include /data/fwbuild-volumes/2.13.0/apps/app1/esp8266/build_contexts/build_ctx_046401972/deps/atca/cryptoauthlib/lib /data/fwbuild-volumes/2.13.0/apps/app1/esp8266/build_contexts/build_ctx_046401972/deps/mbedtls/include /data/fwbuild-volumes/2.13.0/apps/app1/esp8266/build_contexts/build_ctx_046401972/deps/mbedtls/include/esp8266 /data/fwbuild-volumes/2.13.0/apps/app1/esp8266/build_contexts/build_ctx_046401972/deps/mbedtls/mbedtls/include /data/fwbuild-volumes/2.13.0/apps/app1/esp8266/build_contexts/build_ctx_046401972/deps/vfs-common/include /data/fwbuild-volumes/2.13.0/apps/app1/esp8266/build_contexts/build_ctx_046401972/deps/vfs-common/include/esp8266 /data/fwbuild-volumes/2.13.0/apps/app1/esp8266/build_contexts/build_ctx_046401972/deps/mongoose/include /data/fwbuild-volumes/2.13.0/apps/app1/esp8266/build_contexts/build_ctx_046401972/deps/vfs-dev-part/include /data/fwbuild-volumes/2.13.0/apps/app1/esp8266/build_contexts/build_ctx_046401972/deps/vfs-fs-spiffs/include /data/fwbuild-volumes/2.13.0/apps/app1/esp8266/build_contexts/build_ctx_046401972/deps/vfs-fs-spiffs/include/spiffs /data/fwbuild-volumes/2.13.0/apps/app1/esp8266/build_contexts/build_ctx_046401972/deps/vfs-fs-spiffs/include/esp8266 /data/fwbuild-volumes/2.13.0/apps/app1/esp8266/build_contexts/build_ctx_046401972/deps/core/include /data/fwbuild-volumes/2.13.0/apps/app1/esp8266/build_contexts/build_ctx_046401972/deps/core/include/esp8266 /data/fwbuild-volumes/2.13.0/apps/app1/esp8266/build_contexts/build_ctx_046401972/deps/arduino-compat/include /data/fwbuild-volumes/2.13.0/apps/app1/esp8266/build_contexts/build_ctx_046401972/deps/onewire/include /data/fwbuild-volumes/2.13.0/apps/app1/esp8266/build_contexts/build_ctx_046401972/deps/arduino-onewire/include /data/fwbuild-volumes/2.13.0/apps/app1/esp8266/build_contexts/build_ctx_046401972/deps/arduino-dallas-temperature/include /data/fwbuild-volumes/2.13.0/apps/app1/esp8266/build_contexts/build_ctx_046401972/deps/ota-common/src /data/fwbuild-volumes/2.13.0/apps/app1/esp8266/build_contexts/build_ctx_046401972/deps/ota-common/include /data/fwbuild-volumes/2.13.0/apps/app1/esp8266/build_contexts/build_ctx_046401972/deps/ota-common/include/esp8266 /data/fwbuild-volumes/2.13.0/apps/app1/esp8266/build_contexts/build_ctx_046401972/deps/ota-http-client/include /data/fwbuild-volumes/2.13.0/apps/app1/esp8266/build_contexts/build_ctx_046401972/deps/shadow/include /data/fwbuild-volumes/2.13.0/apps/app1/esp8266/build_contexts/build_ctx_046401972/deps/rpc-common/include /data/fwbuild-volumes/2.13.0/apps/app1/esp8266/build_contexts/build_ctx_046401972/deps/rpc-ws/include /data/fwbuild-volumes/2.13.0/apps/app1/esp8266/build_contexts/build_ctx_046401972/deps/dash/include /data/fwbuild-volumes/2.13.0/apps/app1/esp8266/build_contexts/build_ctx_046401972/deps/dht/include /data/fwbuild-volumes/2.13.0/apps/app1/esp8266/build_contexts/build_ctx_046401972/deps/http-server/include /data/fwbuild-volumes/2.13.0/apps/app1/esp8266/build_contexts/build_ctx_046401972/deps/mjs/include /data/fwbuild-volumes/2.13.0/apps/app1/esp8266/build_contexts/build_ctx_046401972/deps/mqtt/include /data/fwbuild-volumes/2.13.0/apps/app1/esp8266/build_contexts/build_ctx_046401972/deps/rpc-service-config/include /data/fwbuild-volumes/2.13.0/apps/app1/esp8266/build_contexts/build_ctx_046401972/deps/rpc-service-fs/include /data/fwbuild-volumes/2.13.0/apps/app1/esp8266/build_contexts/build_ctx_046401972/deps/rpc-uart/include /data/fwbuild-volumes/2.13.0/apps/app1/esp8266/build_contexts/build_ctx_046401972/deps/wifi/include /data/fwbuild-volumes/2.13.0/apps/app1/esp8266/build_contexts/build_ctx_046401972/deps/wifi/include/esp8266 /data/fwbuild-volumes/2.13.0/apps/app1/esp8266/build_contexts/build_ctx_046401972/include]
Binary libs: [/data/fwbuild-volumes/2.13.0/apps/app1/esp8266/build_contexts/build_ctx_046401972/build/objs/libmbedtls-esp8266-2.13.0.a /data/fwbuild-volumes/2.13.0/apps/app1/esp8266/build_contexts/build_ctx_046401972/build/objs/libmongoose-esp8266-2.13.0.a /data/fwbuild-volumes/2.13.0/apps/app1/esp8266/build_contexts/build_ctx_046401972/build/objs/libota-common-esp8266-2.13.0.a /data/fwbuild-volumes/2.13.0/apps/app1/esp8266/build_contexts/build_ctx_046401972/build/objs/libota-http-client-esp8266-2.13.0.a /data/fwbuild-volumes/2.13.0/apps/app1/esp8266/build_contexts/build_ctx_046401972/build/objs/libota-shadow-esp8266-2.13.0.a /data/fwbuild-volumes/2.13.0/apps/app1/esp8266/build_contexts/build_ctx_046401972/build/objs/libdash-esp8266-2.13.0.a]
Building...
mount from "/data/fwbuild-volumes/2.13.0/apps/app1/esp8266/build_contexts/build_ctx_046401972" to "/app"
mount from "/data/fwbuild-volumes/2.13.0/apps/app1/esp8266/build_contexts/build_ctx_046401972/deps/modules/mongoose-os" to "/mongoose-os"
mount from "/data/fwbuild-volumes/2.13.0/apps/app1/esp8266/build_contexts/build_ctx_046401972/deps/modules/mongoose-os" to "/data/fwbuild-volumes/2.13.0/apps/app1/esp8266/build_contexts/build_ctx_046401972/deps/modules/mongoose-os"
mount from "/data/fwbuild-volumes/2.13.0/apps/app1/esp8266/build_contexts/build_ctx_046401972/build" to "/data/fwbuild-volumes/2.13.0/apps/app1/esp8266/build_contexts/build_ctx_046401972/build"
mount from "/data/fwbuild-volumes/2.13.0/apps/app1/esp8266/build_contexts/build_ctx_046401972/build/gen" to "/data/fwbuild-volumes/2.13.0/apps/app1/esp8266/build_contexts/build_ctx_046401972/build/gen"
mount from "/data/fwbuild-volumes/2.13.0/apps/app1/esp8266/build_contexts/build_ctx_046401972/deps/adc/esp8266/src" to "/data/fwbuild-volumes/2.13.0/apps/app1/esp8266/build_contexts/build_ctx_046401972/deps/adc/esp8266/src"
mount from "/data/fwbuild-volumes/2.13.0/apps/app1/esp8266/build_contexts/build_ctx_046401972/deps/i2c/src" to "/data/fwbuild-volumes/2.13.0/apps/app1/esp8266/build_contexts/build_ctx_046401972/deps/i2c/src"
mount from "/data/fwbuild-volumes/2.13.0/apps/app1/esp8266/build_contexts/build_ctx_046401972/deps/i2c/src/gpio" to "/data/fwbuild-volumes/2.13.0/apps/app1/esp8266/build_contexts/build_ctx_046401972/deps/i2c/src/gpio"
mount from "/data/fwbuild-volumes/2.13.0/apps/app1/esp8266/build_contexts/build_ctx_046401972/deps/atca/src" to "/data/fwbuild-volumes/2.13.0/apps/app1/esp8266/build_contexts/build_ctx_046401972/deps/atca/src"
mount from "/data/fwbuild-volumes/2.13.0/apps/app1/esp8266/build_contexts/build_ctx_046401972/deps/atca/cryptoauthlib/lib" to "/data/fwbuild-volumes/2.13.0/apps/app1/esp8266/build_contexts/build_ctx_046401972/deps/atca/cryptoauthlib/lib"
mount from "/data/fwbuild-volumes/2.13.0/apps/app1/esp8266/build_contexts/build_ctx_046401972/deps/atca/cryptoauthlib/lib/basic" to "/data/fwbuild-volumes/2.13.0/apps/app1/esp8266/build_contexts/build_ctx_046401972/deps/atca/cryptoauthlib/lib/basic"
mount from "/data/fwbuild-volumes/2.13.0/apps/app1/esp8266/build_contexts/build_ctx_046401972/deps/atca/cryptoauthlib/lib/crypto" to "/data/fwbuild-volumes/2.13.0/apps/app1/esp8266/build_contexts/build_ctx_046401972/deps/atca/cryptoauthlib/lib/crypto"
mount from "/data/fwbuild-volumes/2.13.0/apps/app1/esp8266/build_contexts/build_ctx_046401972/deps/atca/cryptoauthlib/lib/hal" to "/data/fwbuild-volumes/2.13.0/apps/app1/esp8266/build_contexts/build_ctx_046401972/deps/atca/cryptoauthlib/lib/hal"
mount from "/data/fwbuild-volumes/2.13.0/apps/app1/esp8266/build_contexts/build_ctx_046401972/deps/atca/cryptoauthlib/lib/host" to "/data/fwbuild-volumes/2.13.0/apps/app1/esp8266/build_contexts/build_ctx_046401972/deps/atca/cryptoauthlib/lib/host"
mount from "/data/fwbuild-volumes/2.13.0/apps/app1/esp8266/build_contexts/build_ctx_046401972/deps/vfs-common/src" to "/data/fwbuild-volumes/2.13.0/apps/app1/esp8266/build_contexts/build_ctx_046401972/deps/vfs-common/src"
mount from "/data/fwbuild-volumes/2.13.0/apps/app1/esp8266/build_contexts/build_ctx_046401972/deps/vfs-common/src/esp8266" to "/data/fwbuild-volumes/2.13.0/apps/app1/esp8266/build_contexts/build_ctx_046401972/deps/vfs-common/src/esp8266"
mount from "/data/fwbuild-volumes/2.13.0/apps/app1/esp8266/build_contexts/build_ctx_046401972/deps/vfs-dev-part/src" to "/data/fwbuild-volumes/2.13.0/apps/app1/esp8266/build_contexts/build_ctx_046401972/deps/vfs-dev-part/src"
mount from "/data/fwbuild-volumes/2.13.0/apps/app1/esp8266/build_contexts/build_ctx_046401972/deps/vfs-fs-spiffs/src" to "/data/fwbuild-volumes/2.13.0/apps/app1/esp8266/build_contexts/build_ctx_046401972/deps/vfs-fs-spiffs/src"
mount from "/data/fwbuild-volumes/2.13.0/apps/app1/esp8266/build_contexts/build_ctx_046401972/deps/vfs-fs-spiffs/src/spiffs" to "/data/fwbuild-volumes/2.13.0/apps/app1/esp8266/build_contexts/build_ctx_046401972/deps/vfs-fs-spiffs/src/spiffs"
mount from "/data/fwbuild-volumes/2.13.0/apps/app1/esp8266/build_contexts/build_ctx_046401972/deps/core/src" to "/data/fwbuild-volumes/2.13.0/apps/app1/esp8266/build_contexts/build_ctx_046401972/deps/core/src"
mount from "/data/fwbuild-volumes/2.13.0/apps/app1/esp8266/build_contexts/build_ctx_046401972/deps/core/src/esp8266" to "/data/fwbuild-volumes/2.13.0/apps/app1/esp8266/build_contexts/build_ctx_046401972/deps/core/src/esp8266"
mount from "/data/fwbuild-volumes/2.13.0/apps/app1/esp8266/build_contexts/build_ctx_046401972/deps/arduino-compat/src" to "/data/fwbuild-volumes/2.13.0/apps/app1/esp8266/build_contexts/build_ctx_046401972/deps/arduino-compat/src"
mount from "/data/fwbuild-volumes/2.13.0/apps/app1/esp8266/build_contexts/build_ctx_046401972/deps/onewire/src" to "/data/fwbuild-volumes/2.13.0/apps/app1/esp8266/build_contexts/build_ctx_046401972/deps/onewire/src"
mount from "/data/fwbuild-volumes/2.13.0/apps/app1/esp8266/build_contexts/build_ctx_046401972/deps/arduino-onewire/src" to "/data/fwbuild-volumes/2.13.0/apps/app1/esp8266/build_contexts/build_ctx_046401972/deps/arduino-onewire/src"
mount from "/data/fwbuild-volumes/2.13.0/apps/app1/esp8266/build_contexts/build_ctx_046401972/deps/arduino-dallas-temperature/src" to "/data/fwbuild-volumes/2.13.0/apps/app1/esp8266/build_contexts/build_ctx_046401972/deps/arduino-dallas-temperature/src"
mount from "/data/fwbuild-volumes/2.13.0/apps/app1/esp8266/build_contexts/build_ctx_046401972/deps/shadow/src" to "/data/fwbuild-volumes/2.13.0/apps/app1/esp8266/build_contexts/build_ctx_046401972/deps/shadow/src"
mount from "/data/fwbuild-volumes/2.13.0/apps/app1/esp8266/build_contexts/build_ctx_046401972/deps/rpc-common/src" to "/data/fwbuild-volumes/2.13.0/apps/app1/esp8266/build_contexts/build_ctx_046401972/deps/rpc-common/src"
mount from "/data/fwbuild-volumes/2.13.0/apps/app1/esp8266/build_contexts/build_ctx_046401972/deps/rpc-ws/src" to "/data/fwbuild-volumes/2.13.0/apps/app1/esp8266/build_contexts/build_ctx_046401972/deps/rpc-ws/src"
mount from "/data/fwbuild-volumes/2.13.0/apps/app1/esp8266/build_contexts/build_ctx_046401972/deps/dht/src" to "/data/fwbuild-volumes/2.13.0/apps/app1/esp8266/build_contexts/build_ctx_046401972/deps/dht/src"
mount from "/data/fwbuild-volumes/2.13.0/apps/app1/esp8266/build_contexts/build_ctx_046401972/deps/http-server/src" to "/data/fwbuild-volumes/2.13.0/apps/app1/esp8266/build_contexts/build_ctx_046401972/deps/http-server/src"
mount from "/data/fwbuild-volumes/2.13.0/apps/app1/esp8266/build_contexts/build_ctx_046401972/deps/mjs/src" to "/data/fwbuild-volumes/2.13.0/apps/app1/esp8266/build_contexts/build_ctx_046401972/deps/mjs/src"
mount from "/data/fwbuild-volumes/2.13.0/apps/app1/esp8266/build_contexts/build_ctx_046401972/deps/modules/mjs" to "/data/fwbuild-volumes/2.13.0/apps/app1/esp8266/build_contexts/build_ctx_046401972/deps/modules/mjs"
mount from "/data/fwbuild-volumes/2.13.0/apps/app1/esp8266/build_contexts/build_ctx_046401972/deps/mjs/esp8266/src" to "/data/fwbuild-volumes/2.13.0/apps/app1/esp8266/build_contexts/build_ctx_046401972/deps/mjs/esp8266/src"
mount from "/data/fwbuild-volumes/2.13.0/apps/app1/esp8266/build_contexts/build_ctx_046401972/deps/mqtt/src" to "/data/fwbuild-volumes/2.13.0/apps/app1/esp8266/build_contexts/build_ctx_046401972/deps/mqtt/src"
mount from "/data/fwbuild-volumes/2.13.0/apps/app1/esp8266/build_contexts/build_ctx_046401972/deps/rpc-service-config/src" to "/data/fwbuild-volumes/2.13.0/apps/app1/esp8266/build_contexts/build_ctx_046401972/deps/rpc-service-config/src"
mount from "/data/fwbuild-volumes/2.13.0/apps/app1/esp8266/build_contexts/build_ctx_046401972/deps/rpc-service-fs/src" to "/data/fwbuild-volumes/2.13.0/apps/app1/esp8266/build_contexts/build_ctx_046401972/deps/rpc-service-fs/src"
mount from "/data/fwbuild-volumes/2.13.0/apps/app1/esp8266/build_contexts/build_ctx_046401972/deps/rpc-uart/src" to "/data/fwbuild-volumes/2.13.0/apps/app1/esp8266/build_contexts/build_ctx_046401972/deps/rpc-uart/src"
mount from "/data/fwbuild-volumes/2.13.0/apps/app1/esp8266/build_contexts/build_ctx_046401972/deps/wifi/src" to "/data/fwbuild-volumes/2.13.0/apps/app1/esp8266/build_contexts/build_ctx_046401972/deps/wifi/src"
mount from "/data/fwbuild-volumes/2.13.0/apps/app1/esp8266/build_contexts/build_ctx_046401972/deps/wifi/src/esp8266" to "/data/fwbuild-volumes/2.13.0/apps/app1/esp8266/build_contexts/build_ctx_046401972/deps/wifi/src/esp8266"
mount from "/data/fwbuild-volumes/2.13.0/apps/app1/esp8266/build_contexts/build_ctx_046401972/deps/adc/include" to "/data/fwbuild-volumes/2.13.0/apps/app1/esp8266/build_contexts/build_ctx_046401972/deps/adc/include"
mount from "/data/fwbuild-volumes/2.13.0/apps/app1/esp8266/build_contexts/build_ctx_046401972/deps/adc/esp8266/include" to "/data/fwbuild-volumes/2.13.0/apps/app1/esp8266/build_contexts/build_ctx_046401972/deps/adc/esp8266/include"
mount from "/data/fwbuild-volumes/2.13.0/apps/app1/esp8266/build_contexts/build_ctx_046401972/deps/i2c/include" to "/data/fwbuild-volumes/2.13.0/apps/app1/esp8266/build_contexts/build_ctx_046401972/deps/i2c/include"
mount from "/data/fwbuild-volumes/2.13.0/apps/app1/esp8266/build_contexts/build_ctx_046401972/deps/atca/include" to "/data/fwbuild-volumes/2.13.0/apps/app1/esp8266/build_contexts/build_ctx_046401972/deps/atca/include"
mount from "/data/fwbuild-volumes/2.13.0/apps/app1/esp8266/build_contexts/build_ctx_046401972/deps/atca/cryptoauthlib/lib" to "/data/fwbuild-volumes/2.13.0/apps/app1/esp8266/build_contexts/build_ctx_046401972/deps/atca/cryptoauthlib/lib"
mount from "/data/fwbuild-volumes/2.13.0/apps/app1/esp8266/build_contexts/build_ctx_046401972/deps/mbedtls/include" to "/data/fwbuild-volumes/2.13.0/apps/app1/esp8266/build_contexts/build_ctx_046401972/deps/mbedtls/include"
mount from "/data/fwbuild-volumes/2.13.0/apps/app1/esp8266/build_contexts/build_ctx_046401972/deps/mbedtls/include/esp8266" to "/data/fwbuild-volumes/2.13.0/apps/app1/esp8266/build_contexts/build_ctx_046401972/deps/mbedtls/include/esp8266"
mount from "/data/fwbuild-volumes/2.13.0/apps/app1/esp8266/build_contexts/build_ctx_046401972/deps/mbedtls/mbedtls/include" to "/data/fwbuild-volumes/2.13.0/apps/app1/esp8266/build_contexts/build_ctx_046401972/deps/mbedtls/mbedtls/include"
mount from "/data/fwbuild-volumes/2.13.0/apps/app1/esp8266/build_contexts/build_ctx_046401972/deps/vfs-common/include" to "/data/fwbuild-volumes/2.13.0/apps/app1/esp8266/build_contexts/build_ctx_046401972/deps/vfs-common/include"
mount from "/data/fwbuild-volumes/2.13.0/apps/app1/esp8266/build_contexts/build_ctx_046401972/deps/vfs-common/include/esp8266" to "/data/fwbuild-volumes/2.13.0/apps/app1/esp8266/build_contexts/build_ctx_046401972/deps/vfs-common/include/esp8266"
mount from "/data/fwbuild-volumes/2.13.0/apps/app1/esp8266/build_contexts/build_ctx_046401972/deps/mongoose/include" to "/data/fwbuild-volumes/2.13.0/apps/app1/esp8266/build_contexts/build_ctx_046401972/deps/mongoose/include"
mount from "/data/fwbuild-volumes/2.13.0/apps/app1/esp8266/build_contexts/build_ctx_046401972/deps/vfs-dev-part/include" to "/data/fwbuild-volumes/2.13.0/apps/app1/esp8266/build_contexts/build_ctx_046401972/deps/vfs-dev-part/include"
mount from "/data/fwbuild-volumes/2.13.0/apps/app1/esp8266/build_contexts/build_ctx_046401972/deps/vfs-fs-spiffs/include" to "/data/fwbuild-volumes/2.13.0/apps/app1/esp8266/build_contexts/build_ctx_046401972/deps/vfs-fs-spiffs/include"
mount from "/data/fwbuild-volumes/2.13.0/apps/app1/esp8266/build_contexts/build_ctx_046401972/deps/vfs-fs-spiffs/include/spiffs" to "/data/fwbuild-volumes/2.13.0/apps/app1/esp8266/build_contexts/build_ctx_046401972/deps/vfs-fs-spiffs/include/spiffs"
mount from "/data/fwbuild-volumes/2.13.0/apps/app1/esp8266/build_contexts/build_ctx_046401972/deps/vfs-fs-spiffs/include/esp8266" to "/data/fwbuild-volumes/2.13.0/apps/app1/esp8266/build_contexts/build_ctx_046401972/deps/vfs-fs-spiffs/include/esp8266"
mount from "/data/fwbuild-volumes/2.13.0/apps/app1/esp8266/build_contexts/build_ctx_046401972/deps/core/include" to "/data/fwbuild-volumes/2.13.0/apps/app1/esp8266/build_contexts/build_ctx_046401972/deps/core/include"
mount from "/data/fwbuild-volumes/2.13.0/apps/app1/esp8266/build_contexts/build_ctx_046401972/deps/core/include/esp8266" to "/data/fwbuild-volumes/2.13.0/apps/app1/esp8266/build_contexts/build_ctx_046401972/deps/core/include/esp8266"
mount from "/data/fwbuild-volumes/2.13.0/apps/app1/esp8266/build_contexts/build_ctx_046401972/deps/arduino-compat/include" to "/data/fwbuild-volumes/2.13.0/apps/app1/esp8266/build_contexts/build_ctx_046401972/deps/arduino-compat/include"
mount from "/data/fwbuild-volumes/2.13.0/apps/app1/esp8266/build_contexts/build_ctx_046401972/deps/onewire/include" to "/data/fwbuild-volumes/2.13.0/apps/app1/esp8266/build_contexts/build_ctx_046401972/deps/onewire/include"
mount from "/data/fwbuild-volumes/2.13.0/apps/app1/esp8266/build_contexts/build_ctx_046401972/deps/arduino-onewire/include" to "/data/fwbuild-volumes/2.13.0/apps/app1/esp8266/build_contexts/build_ctx_046401972/deps/arduino-onewire/include"
mount from "/data/fwbuild-volumes/2.13.0/apps/app1/esp8266/build_contexts/build_ctx_046401972/deps/arduino-dallas-temperature/include" to "/data/fwbuild-volumes/2.13.0/apps/app1/esp8266/build_contexts/build_ctx_046401972/deps/arduino-dallas-temperature/include"
mount from "/data/fwbuild-volumes/2.13.0/apps/app1/esp8266/build_contexts/build_ctx_046401972/deps/ota-common/include" to "/data/fwbuild-volumes/2.13.0/apps/app1/esp8266/build_contexts/build_ctx_046401972/deps/ota-common/include"
mount from "/data/fwbuild-volumes/2.13.0/apps/app1/esp8266/build_contexts/build_ctx_046401972/deps/ota-http-client/include" to "/data/fwbuild-volumes/2.13.0/apps/app1/esp8266/build_contexts/build_ctx_046401972/deps/ota-http-client/include"
mount from "/data/fwbuild-volumes/2.13.0/apps/app1/esp8266/build_contexts/build_ctx_046401972/deps/shadow/include" to "/data/fwbuild-volumes/2.13.0/apps/app1/esp8266/build_contexts/build_ctx_046401972/deps/shadow/include"
mount from "/data/fwbuild-volumes/2.13.0/apps/app1/esp8266/build_contexts/build_ctx_046401972/deps/rpc-common/include" to "/data/fwbuild-volumes/2.13.0/apps/app1/esp8266/build_contexts/build_ctx_046401972/deps/rpc-common/include"
mount from "/data/fwbuild-volumes/2.13.0/apps/app1/esp8266/build_contexts/build_ctx_046401972/deps/rpc-ws/include" to "/data/fwbuild-volumes/2.13.0/apps/app1/esp8266/build_contexts/build_ctx_046401972/deps/rpc-ws/include"
mount from "/data/fwbuild-volumes/2.13.0/apps/app1/esp8266/build_contexts/build_ctx_046401972/deps/dash/include" to "/data/fwbuild-volumes/2.13.0/apps/app1/esp8266/build_contexts/build_ctx_046401972/deps/dash/include"
mount from "/data/fwbuild-volumes/2.13.0/apps/app1/esp8266/build_contexts/build_ctx_046401972/deps/dht/include" to "/data/fwbuild-volumes/2.13.0/apps/app1/esp8266/build_contexts/build_ctx_046401972/deps/dht/include"
mount from "/data/fwbuild-volumes/2.13.0/apps/app1/esp8266/build_contexts/build_ctx_046401972/deps/http-server/include" to "/data/fwbuild-volumes/2.13.0/apps/app1/esp8266/build_contexts/build_ctx_046401972/deps/http-server/include"
mount from "/data/fwbuild-volumes/2.13.0/apps/app1/esp8266/build_contexts/build_ctx_046401972/deps/mjs/include" to "/data/fwbuild-volumes/2.13.0/apps/app1/esp8266/build_contexts/build_ctx_046401972/deps/mjs/include"
mount from "/data/fwbuild-volumes/2.13.0/apps/app1/esp8266/build_contexts/build_ctx_046401972/deps/mqtt/include" to "/data/fwbuild-volumes/2.13.0/apps/app1/esp8266/build_contexts/build_ctx_046401972/deps/mqtt/include"
mount from "/data/fwbuild-volumes/2.13.0/apps/app1/esp8266/build_contexts/build_ctx_046401972/deps/rpc-service-config/include" to "/data/fwbuild-volumes/2.13.0/apps/app1/esp8266/build_contexts/build_ctx_046401972/deps/rpc-service-config/include"
mount from "/data/fwbuild-volumes/2.13.0/apps/app1/esp8266/build_contexts/build_ctx_046401972/deps/rpc-service-fs/include" to "/data/fwbuild-volumes/2.13.0/apps/app1/esp8266/build_contexts/build_ctx_046401972/deps/rpc-service-fs/include"
mount from "/data/fwbuild-volumes/2.13.0/apps/app1/esp8266/build_contexts/build_ctx_046401972/deps/rpc-uart/include" to "/data/fwbuild-volumes/2.13.0/apps/app1/esp8266/build_contexts/build_ctx_046401972/deps/rpc-uart/include"
mount from "/data/fwbuild-volumes/2.13.0/apps/app1/esp8266/build_contexts/build_ctx_046401972/deps/wifi/include" to "/data/fwbuild-volumes/2.13.0/apps/app1/esp8266/build_contexts/build_ctx_046401972/deps/wifi/include"
mount from "/data/fwbuild-volumes/2.13.0/apps/app1/esp8266/build_contexts/build_ctx_046401972/deps/ca-bundle/fs" to "/data/fwbuild-volumes/2.13.0/apps/app1/esp8266/build_contexts/build_ctx_046401972/deps/ca-bundle/fs"
mount from "/data/fwbuild-volumes/2.13.0/apps/app1/esp8266/build_contexts/build_ctx_046401972/deps/mjs/fs" to "/data/fwbuild-volumes/2.13.0/apps/app1/esp8266/build_contexts/build_ctx_046401972/deps/mjs/fs"
mount from "/data/fwbuild-volumes/2.13.0/apps/app1/esp8266/build_contexts/build_ctx_046401972/deps/modules/mjs/mjs/lib" to "/data/fwbuild-volumes/2.13.0/apps/app1/esp8266/build_contexts/build_ctx_046401972/deps/modules/mjs/mjs/lib"
mount from "/data/fwbuild-volumes/2.13.0/apps/app1/esp8266/build_contexts/build_ctx_046401972/deps/adc/mjs_fs" to "/data/fwbuild-volumes/2.13.0/apps/app1/esp8266/build_contexts/build_ctx_046401972/deps/adc/mjs_fs"
mount from "/data/fwbuild-volumes/2.13.0/apps/app1/esp8266/build_contexts/build_ctx_046401972/deps/i2c/mjs_fs" to "/data/fwbuild-volumes/2.13.0/apps/app1/esp8266/build_contexts/build_ctx_046401972/deps/i2c/mjs_fs"
mount from "/data/fwbuild-volumes/2.13.0/apps/app1/esp8266/build_contexts/build_ctx_046401972/deps/arduino-onewire/mjs_fs" to "/data/fwbuild-volumes/2.13.0/apps/app1/esp8266/build_contexts/build_ctx_046401972/deps/arduino-onewire/mjs_fs"
mount from "/data/fwbuild-volumes/2.13.0/apps/app1/esp8266/build_contexts/build_ctx_046401972/deps/arduino-dallas-temperature/mjs_fs" to "/data/fwbuild-volumes/2.13.0/apps/app1/esp8266/build_contexts/build_ctx_046401972/deps/arduino-dallas-temperature/mjs_fs"
mount from "/data/fwbuild-volumes/2.13.0/apps/app1/esp8266/build_contexts/build_ctx_046401972/deps/ota-http-client/mjs_fs" to "/data/fwbuild-volumes/2.13.0/apps/app1/esp8266/build_contexts/build_ctx_046401972/deps/ota-http-client/mjs_fs"
mount from "/data/fwbuild-volumes/2.13.0/apps/app1/esp8266/build_contexts/build_ctx_046401972/deps/shadow/mjs_fs" to "/data/fwbuild-volumes/2.13.0/apps/app1/esp8266/build_contexts/build_ctx_046401972/deps/shadow/mjs_fs"
mount from "/data/fwbuild-volumes/2.13.0/apps/app1/esp8266/build_contexts/build_ctx_046401972/deps/rpc-common/mjs_fs" to "/data/fwbuild-volumes/2.13.0/apps/app1/esp8266/build_contexts/build_ctx_046401972/deps/rpc-common/mjs_fs"
mount from "/data/fwbuild-volumes/2.13.0/apps/app1/esp8266/build_contexts/build_ctx_046401972/deps/dash/mjs_fs" to "/data/fwbuild-volumes/2.13.0/apps/app1/esp8266/build_contexts/build_ctx_046401972/deps/dash/mjs_fs"
mount from "/data/fwbuild-volumes/2.13.0/apps/app1/esp8266/build_contexts/build_ctx_046401972/deps/dht/mjs_fs" to "/data/fwbuild-volumes/2.13.0/apps/app1/esp8266/build_contexts/build_ctx_046401972/deps/dht/mjs_fs"
mount from "/data/fwbuild-volumes/2.13.0/apps/app1/esp8266/build_contexts/build_ctx_046401972/deps/mqtt/mjs_fs" to "/data/fwbuild-volumes/2.13.0/apps/app1/esp8266/build_contexts/build_ctx_046401972/deps/mqtt/mjs_fs"
mount from "/data/fwbuild-volumes/2.13.0/apps/app1/esp8266/build_contexts/build_ctx_046401972/deps/wifi/mjs_fs" to "/data/fwbuild-volumes/2.13.0/apps/app1/esp8266/build_contexts/build_ctx_046401972/deps/wifi/mjs_fs"
mount from "/data/fwbuild-volumes/2.13.0/apps/app1/esp8266/build_contexts/build_ctx_046401972/deps/mjs/esp8266/fs" to "/data/fwbuild-volumes/2.13.0/apps/app1/esp8266/build_contexts/build_ctx_046401972/deps/mjs/esp8266/fs"
mount from "/data/fwbuild-volumes/2.13.0/apps/app1/esp8266/build_contexts/build_ctx_046401972/fs" to "/data/fwbuild-volumes/2.13.0/apps/app1/esp8266/build_contexts/build_ctx_046401972/fs"
mount from "/data/fwbuild-volumes/2.13.0/apps/app1/esp8266/build_contexts/build_ctx_046401972/build/objs" to "/data/fwbuild-volumes/2.13.0/apps/app1/esp8266/build_contexts/build_ctx_046401972/build/objs"
mount from "/data/fwbuild-volumes/2.13.0/apps/app1/esp8266/build_contexts/build_ctx_046401972/build/objs" to "/data/fwbuild-volumes/2.13.0/apps/app1/esp8266/build_contexts/build_ctx_046401972/build/objs"
mount from "/data/fwbuild-volumes/2.13.0/apps/app1/esp8266/build_contexts/build_ctx_046401972/build/objs" to "/data/fwbuild-volumes/2.13.0/apps/app1/esp8266/build_contexts/build_ctx_046401972/build/objs"
mount from "/data/fwbuild-volumes/2.13.0/apps/app1/esp8266/build_contexts/build_ctx_046401972/build/objs" to "/data/fwbuild-volumes/2.13.0/apps/app1/esp8266/build_contexts/build_ctx_046401972/build/objs"
mount from "/data/fwbuild-volumes/2.13.0/apps/app1/esp8266/build_contexts/build_ctx_046401972/build/objs" to "/data/fwbuild-volumes/2.13.0/apps/app1/esp8266/build_contexts/build_ctx_046401972/build/objs"
mount from "/data/fwbuild-volumes/2.13.0/apps/app1/esp8266/build_contexts/build_ctx_046401972/build/objs" to "/data/fwbuild-volumes/2.13.0/apps/app1/esp8266/build_contexts/build_ctx_046401972/build/objs"
mount from "/data/fwbuild-volumes/2.13.0/apps/app1/esp8266/build_contexts/build_ctx_046401972/build/gen" to "/data/fwbuild-volumes/2.13.0/apps/app1/esp8266/build_contexts/build_ctx_046401972/build/gen"
Docker arguments: run --name mos_build_2019-05-16T00-32-43-00_6062574429480862104 --rm -i -v /data/fwbuild-volumes/2.13.0/apps/app1/esp8266/build_contexts/build_ctx_046401972/deps/atca/include:/data/fwbuild-volumes/2.13.0/apps/app1/esp8266/build_contexts/build_ctx_046401972/deps/atca/include -v /data/fwbuild-volumes/2.13.0/apps/app1/esp8266/build_contexts/build_ctx_046401972/deps/mongoose/include:/data/fwbuild-volumes/2.13.0/apps/app1/esp8266/build_contexts/build_ctx_046401972/deps/mongoose/include -v /data/fwbuild-volumes/2.13.0/apps/app1/esp8266/build_contexts/build_ctx_046401972/deps/arduino-dallas-temperature/include:/data/fwbuild-volumes/2.13.0/apps/app1/esp8266/build_contexts/build_ctx_046401972/deps/arduino-dallas-temperature/include -v /data/fwbuild-volumes/2.13.0/apps/app1/esp8266/build_contexts/build_ctx_046401972/deps/shadow/include:/data/fwbuild-volumes/2.13.0/apps/app1/esp8266/build_contexts/build_ctx_046401972/deps/shadow/include -v /data/fwbuild-volumes/2.13.0/apps/app1/esp8266/build_contexts/build_ctx_046401972/fs:/data/fwbuild-volumes/2.13.0/apps/app1/esp8266/build_contexts/build_ctx_046401972/fs -v /data/fwbuild-volumes/2.13.0/apps/app1/esp8266/build_contexts/build_ctx_046401972:/app -v /data/fwbuild-volumes/2.13.0/apps/app1/esp8266/build_contexts/build_ctx_046401972/deps/i2c/src/gpio:/data/fwbuild-volumes/2.13.0/apps/app1/esp8266/build_contexts/build_ctx_046401972/deps/i2c/src/gpio -v /data/fwbuild-volumes/2.13.0/apps/app1/esp8266/build_contexts/build_ctx_046401972/deps/core/src:/data/fwbuild-volumes/2.13.0/apps/app1/esp8266/build_contexts/build_ctx_046401972/deps/core/src -v /data/fwbuild-volumes/2.13.0/apps/app1/esp8266/build_contexts/build_ctx_046401972/deps/vfs-fs-spiffs/include:/data/fwbuild-volumes/2.13.0/apps/app1/esp8266/build_contexts/build_ctx_046401972/deps/vfs-fs-spiffs/include -v /data/fwbuild-volumes/2.13.0/apps/app1/esp8266/build_contexts/build_ctx_046401972/deps/rpc-ws/include:/data/fwbuild-volumes/2.13.0/apps/app1/esp8266/build_contexts/build_ctx_046401972/deps/rpc-ws/include -v /data/fwbuild-volumes/2.13.0/apps/app1/esp8266/build_contexts/build_ctx_046401972/deps/adc/mjs_fs:/data/fwbuild-volumes/2.13.0/apps/app1/esp8266/build_contexts/build_ctx_046401972/deps/adc/mjs_fs -v /data/fwbuild-volumes/2.13.0/apps/app1/esp8266/build_contexts/build_ctx_046401972/deps/atca/cryptoauthlib/lib/host:/data/fwbuild-volumes/2.13.0/apps/app1/esp8266/build_contexts/build_ctx_046401972/deps/atca/cryptoauthlib/lib/host -v /data/fwbuild-volumes/2.13.0/apps/app1/esp8266/build_contexts/build_ctx_046401972/deps/core/src/esp8266:/data/fwbuild-volumes/2.13.0/apps/app1/esp8266/build_contexts/build_ctx_046401972/deps/core/src/esp8266 -v /data/fwbuild-volumes/2.13.0/apps/app1/esp8266/build_contexts/build_ctx_046401972/deps/rpc-ws/src:/data/fwbuild-volumes/2.13.0/apps/app1/esp8266/build_contexts/build_ctx_046401972/deps/rpc-ws/src -v /data/fwbuild-volumes/2.13.0/apps/app1/esp8266/build_contexts/build_ctx_046401972/deps/shadow/mjs_fs:/data/fwbuild-volumes/2.13.0/apps/app1/esp8266/build_contexts/build_ctx_046401972/deps/shadow/mjs_fs -v /data/fwbuild-volumes/2.13.0/apps/app1/esp8266/build_contexts/build_ctx_046401972/build/objs:/data/fwbuild-volumes/2.13.0/apps/app1/esp8266/build_contexts/build_ctx_046401972/build/objs -v /data/fwbuild-volumes/2.13.0/apps/app1/esp8266/build_contexts/build_ctx_046401972/deps/arduino-onewire/mjs_fs:/data/fwbuild-volumes/2.13.0/apps/app1/esp8266/build_contexts/build_ctx_046401972/deps/arduino-onewire/mjs_fs -v /data/fwbuild-volumes/2.13.0/apps/app1/esp8266/build_contexts/build_ctx_046401972/deps/atca/cryptoauthlib/lib/basic:/data/fwbuild-volumes/2.13.0/apps/app1/esp8266/build_contexts/build_ctx_046401972/deps/atca/cryptoauthlib/lib/basic -v /data/fwbuild-volumes/2.13.0/apps/app1/esp8266/build_contexts/build_ctx_046401972/deps/rpc-common/src:/data/fwbuild-volumes/2.13.0/apps/app1/esp8266/build_contexts/build_ctx_046401972/deps/rpc-common/src -v /data/fwbuild-volumes/2.13.0/apps/app1/esp8266/build_contexts/build_ctx_046401972/deps/adc/include:/data/fwbuild-volumes/2.13.0/apps/app1/esp8266/build_contexts/build_ctx_046401972/deps/adc/include -v /data/fwbuild-volumes/2.13.0/apps/app1/esp8266/build_contexts/build_ctx_046401972/deps/core/include/esp8266:/data/fwbuild-volumes/2.13.0/apps/app1/esp8266/build_contexts/build_ctx_046401972/deps/core/include/esp8266 -v /data/fwbuild-volumes/2.13.0/apps/app1/esp8266/build_contexts/build_ctx_046401972/deps/mjs/include:/data/fwbuild-volumes/2.13.0/apps/app1/esp8266/build_contexts/build_ctx_046401972/deps/mjs/include -v /data/fwbuild-volumes/2.13.0/apps/app1/esp8266/build_contexts/build_ctx_046401972/deps/i2c/mjs_fs:/data/fwbuild-volumes/2.13.0/apps/app1/esp8266/build_contexts/build_ctx_046401972/deps/i2c/mjs_fs -v /data/fwbuild-volumes/2.13.0/apps/app1/esp8266/build_contexts/build_ctx_046401972/deps/http-server/src:/data/fwbuild-volumes/2.13.0/apps/app1/esp8266/build_contexts/build_ctx_046401972/deps/http-server/src -v /data/fwbuild-volumes/2.13.0/apps/app1/esp8266/build_contexts/build_ctx_046401972/deps/vfs-fs-spiffs/include/esp8266:/data/fwbuild-volumes/2.13.0/apps/app1/esp8266/build_contexts/build_ctx_046401972/deps/vfs-fs-spiffs/include/esp8266 -v /data/fwbuild-volumes/2.13.0/apps/app1/esp8266/build_contexts/build_ctx_046401972/deps/dht/include:/data/fwbuild-volumes/2.13.0/apps/app1/esp8266/build_contexts/build_ctx_046401972/deps/dht/include -v /data/fwbuild-volumes/2.13.0/apps/app1/esp8266/build_contexts/build_ctx_046401972/deps/rpc-service-fs/include:/data/fwbuild-volumes/2.13.0/apps/app1/esp8266/build_contexts/build_ctx_046401972/deps/rpc-service-fs/include -v /data/fwbuild-volumes/2.13.0/apps/app1/esp8266/build_contexts/build_ctx_046401972/deps/onewire/src:/data/fwbuild-volumes/2.13.0/apps/app1/esp8266/build_contexts/build_ctx_046401972/deps/onewire/src -v /data/fwbuild-volumes/2.13.0/apps/app1/esp8266/build_contexts/build_ctx_046401972/deps/modules/mjs:/data/fwbuild-volumes/2.13.0/apps/app1/esp8266/build_contexts/build_ctx_046401972/deps/modules/mjs -v /data/fwbuild-volumes/2.13.0/apps/app1/esp8266/build_contexts/build_ctx_046401972/deps/rpc-service-fs/src:/data/fwbuild-volumes/2.13.0/apps/app1/esp8266/build_contexts/build_ctx_046401972/deps/rpc-service-fs/src -v /data/fwbuild-volumes/2.13.0/apps/app1/esp8266/build_contexts/build_ctx_046401972/deps/i2c/include:/data/fwbuild-volumes/2.13.0/apps/app1/esp8266/build_contexts/build_ctx_046401972/deps/i2c/include -v /data/fwbuild-volumes/2.13.0/apps/app1/esp8266/build_contexts/build_ctx_046401972/deps/ota-http-client/mjs_fs:/data/fwbuild-volumes/2.13.0/apps/app1/esp8266/build_contexts/build_ctx_046401972/deps/ota-http-client/mjs_fs -v /data/fwbuild-volumes/2.13.0/apps/app1/esp8266/build_contexts/build_ctx_046401972/deps/vfs-fs-spiffs/src:/data/fwbuild-volumes/2.13.0/apps/app1/esp8266/build_contexts/build_ctx_046401972/deps/vfs-fs-spiffs/src -v /data/fwbuild-volumes/2.13.0/apps/app1/esp8266/build_contexts/build_ctx_046401972/deps/dht/src:/data/fwbuild-volumes/2.13.0/apps/app1/esp8266/build_contexts/build_ctx_046401972/deps/dht/src -v /data/fwbuild-volumes/2.13.0/apps/app1/esp8266/build_contexts/build_ctx_046401972/deps/mjs/esp8266/src:/data/fwbuild-volumes/2.13.0/apps/app1/esp8266/build_contexts/build_ctx_046401972/deps/mjs/esp8266/src -v /data/fwbuild-volumes/2.13.0/apps/app1/esp8266/build_contexts/build_ctx_046401972/deps/adc/esp8266/include:/data/fwbuild-volumes/2.13.0/apps/app1/esp8266/build_contexts/build_ctx_046401972/deps/adc/esp8266/include -v /data/fwbuild-volumes/2.13.0/apps/app1/esp8266/build_contexts/build_ctx_046401972/deps/wifi/include:/data/fwbuild-volumes/2.13.0/apps/app1/esp8266/build_contexts/build_ctx_046401972/deps/wifi/include -v /data/fwbuild-volumes/2.13.0/apps/app1/esp8266/build_contexts/build_ctx_046401972/deps/i2c/src:/data/fwbuild-volumes/2.13.0/apps/app1/esp8266/build_contexts/build_ctx_046401972/deps/i2c/src -v /data/fwbuild-volumes/2.13.0/apps/app1/esp8266/build_contexts/build_ctx_046401972/deps/atca/cryptoauthlib/lib:/data/fwbuild-volumes/2.13.0/apps/app1/esp8266/build_contexts/build_ctx_046401972/deps/atca/cryptoauthlib/lib -v /data/fwbuild-volumes/2.13.0/apps/app1/esp8266/build_contexts/build_ctx_046401972/deps/modules/mjs/mjs/lib:/data/fwbuild-volumes/2.13.0/apps/app1/esp8266/build_contexts/build_ctx_046401972/deps/modules/mjs/mjs/lib -v /data/fwbuild-volumes/2.13.0/apps/app1/esp8266/build_contexts/build_ctx_046401972/deps/wifi/mjs_fs:/data/fwbuild-volumes/2.13.0/apps/app1/esp8266/build_contexts/build_ctx_046401972/deps/wifi/mjs_fs -v /data/fwbuild-volumes/2.13.0/apps/app1/esp8266/build_contexts/build_ctx_046401972/deps/arduino-dallas-temperature/src:/data/fwbuild-volumes/2.13.0/apps/app1/esp8266/build_contexts/build_ctx_046401972/deps/arduino-dallas-temperature/src -v /data/fwbuild-volumes/2.13.0/apps/app1/esp8266/build_contexts/build_ctx_046401972/deps/shadow/src:/data/fwbuild-volumes/2.13.0/apps/app1/esp8266/build_contexts/build_ctx_046401972/deps/shadow/src -v /data/fwbuild-volumes/2.13.0/apps/app1/esp8266/build_contexts/build_ctx_046401972/deps/mbedtls/include/esp8266:/data/fwbuild-volumes/2.13.0/apps/app1/esp8266/build_contexts/build_ctx_046401972/deps/mbedtls/include/esp8266 -v /data/fwbuild-volumes/2.13.0/apps/app1/esp8266/build_contexts/build_ctx_046401972/deps/vfs-dev-part/include:/data/fwbuild-volumes/2.13.0/apps/app1/esp8266/build_contexts/build_ctx_046401972/deps/vfs-dev-part/include -v /data/fwbuild-volumes/2.13.0/apps/app1/esp8266/build_contexts/build_ctx_046401972/deps/arduino-compat/include:/data/fwbuild-volumes/2.13.0/apps/app1/esp8266/build_contexts/build_ctx_046401972/deps/arduino-compat/include -v /data/fwbuild-volumes/2.13.0/apps/app1/esp8266/build_contexts/build_ctx_046401972/deps/mqtt/mjs_fs:/data/fwbuild-volumes/2.13.0/apps/app1/esp8266/build_contexts/build_ctx_046401972/deps/mqtt/mjs_fs -v /data/fwbuild-volumes/2.13.0/apps/app1/esp8266/build_contexts/build_ctx_046401972/deps/vfs-common/src:/data/fwbuild-volumes/2.13.0/apps/app1/esp8266/build_contexts/build_ctx_046401972/deps/vfs-common/src -v /data/fwbuild-volumes/2.13.0/apps/app1/esp8266/build_contexts/build_ctx_046401972/deps/mjs/src:/data/fwbuild-volumes/2.13.0/apps/app1/esp8266/build_contexts/build_ctx_046401972/deps/mjs/src -v /data/fwbuild-volumes/2.13.0/apps/app1/esp8266/build_contexts/build_ctx_046401972/deps/mbedtls/include:/data/fwbuild-volumes/2.13.0/apps/app1/esp8266/build_contexts/build_ctx_046401972/deps/mbedtls/include -v /data/fwbuild-volumes/2.13.0/apps/app1/esp8266/build_contexts/build_ctx_046401972/deps/vfs-fs-spiffs/include/spiffs:/data/fwbuild-volumes/2.13.0/apps/app1/esp8266/build_contexts/build_ctx_046401972/deps/vfs-fs-spiffs/include/spiffs -v /data/fwbuild-volumes/2.13.0/apps/app1/esp8266/build_contexts/build_ctx_046401972/deps/rpc-service-config/include:/data/fwbuild-volumes/2.13.0/apps/app1/esp8266/build_contexts/build_ctx_046401972/deps/rpc-service-config/include -v /data/fwbuild-volumes/2.13.0/apps/app1/esp8266/build_contexts/build_ctx_046401972/deps/vfs-common/src/esp8266:/data/fwbuild-volumes/2.13.0/apps/app1/esp8266/build_contexts/build_ctx_046401972/deps/vfs-common/src/esp8266 -v /data/fwbuild-volumes/2.13.0/apps/app1/esp8266/build_contexts/build_ctx_046401972/deps/onewire/include:/data/fwbuild-volumes/2.13.0/apps/app1/esp8266/build_contexts/build_ctx_046401972/deps/onewire/include -v /data/fwbuild-volumes/2.13.0/apps/app1/esp8266/build_contexts/build_ctx_046401972/deps/rpc-common/include:/data/fwbuild-volumes/2.13.0/apps/app1/esp8266/build_contexts/build_ctx_046401972/deps/rpc-common/include -v /data/fwbuild-volumes/2.13.0/apps/app1/esp8266/build_contexts/build_ctx_046401972/deps/mjs/esp8266/fs:/data/fwbuild-volumes/2.13.0/apps/app1/esp8266/build_contexts/build_ctx_046401972/deps/mjs/esp8266/fs -v /data/fwbuild-volumes/2.13.0/apps/app1/esp8266/build_contexts/build_ctx_046401972/deps/modules/mongoose-os:/mongoose-os -v /data/fwbuild-volumes/2.13.0/apps/app1/esp8266/build_contexts/build_ctx_046401972/deps/vfs-fs-spiffs/src/spiffs:/data/fwbuild-volumes/2.13.0/apps/app1/esp8266/build_contexts/build_ctx_046401972/deps/vfs-fs-spiffs/src/spiffs -v /data/fwbuild-volumes/2.13.0/apps/app1/esp8266/build_contexts/build_ctx_046401972/deps/arduino-compat/src:/data/fwbuild-volumes/2.13.0/apps/app1/esp8266/build_contexts/build_ctx_046401972/deps/arduino-compat/src -v /data/fwbuild-volumes/2.13.0/apps/app1/esp8266/build_contexts/build_ctx_046401972/deps/wifi/src:/data/fwbuild-volumes/2.13.0/apps/app1/esp8266/build_contexts/build_ctx_046401972/deps/wifi/src -v /data/fwbuild-volumes/2.13.0/apps/app1/esp8266/build_contexts/build_ctx_046401972/deps/vfs-common/include:/data/fwbuild-volumes/2.13.0/apps/app1/esp8266/build_contexts/build_ctx_046401972/deps/vfs-common/include -v /data/fwbuild-volumes/2.13.0/apps/app1/esp8266/build_contexts/build_ctx_046401972/deps/rpc-uart/include:/data/fwbuild-volumes/2.13.0/apps/app1/esp8266/build_contexts/build_ctx_046401972/deps/rpc-uart/include -v /data/fwbuild-volumes/2.13.0/apps/app1/esp8266/build_contexts/build_ctx_046401972/deps/ca-bundle/fs:/data/fwbuild-volumes/2.13.0/apps/app1/esp8266/build_contexts/build_ctx_046401972/deps/ca-bundle/fs -v /data/fwbuild-volumes/2.13.0/apps/app1/esp8266/build_contexts/build_ctx_046401972/deps/atca/cryptoauthlib/lib/crypto:/data/fwbuild-volumes/2.13.0/apps/app1/esp8266/build_contexts/build_ctx_046401972/deps/atca/cryptoauthlib/lib/crypto -v /data/fwbuild-volumes/2.13.0/apps/app1/esp8266/build_contexts/build_ctx_046401972/deps/rpc-uart/src:/data/fwbuild-volumes/2.13.0/apps/app1/esp8266/build_contexts/build_ctx_046401972/deps/rpc-uart/src -v /data/fwbuild-volumes/2.13.0/apps/app1/esp8266/build_contexts/build_ctx_046401972/deps/mbedtls/mbedtls/include:/data/fwbuild-volumes/2.13.0/apps/app1/esp8266/build_contexts/build_ctx_046401972/deps/mbedtls/mbedtls/include -v /data/fwbuild-volumes/2.13.0/apps/app1/esp8266/build_contexts/build_ctx_046401972/deps/vfs-common/include/esp8266:/data/fwbuild-volumes/2.13.0/apps/app1/esp8266/build_contexts/build_ctx_046401972/deps/vfs-common/include/esp8266 -v /data/fwbuild-volumes/2.13.0/apps/app1/esp8266/build_contexts/build_ctx_046401972/deps/arduino-onewire/include:/data/fwbuild-volumes/2.13.0/apps/app1/esp8266/build_contexts/build_ctx_046401972/deps/arduino-onewire/include -v /data/fwbuild-volumes/2.13.0/apps/app1/esp8266/build_contexts/build_ctx_046401972/deps/ota-common/include:/data/fwbuild-volumes/2.13.0/apps/app1/esp8266/build_contexts/build_ctx_046401972/deps/ota-common/include -v /data/fwbuild-volumes/2.13.0/apps/app1/esp8266/build_contexts/build_ctx_046401972/deps/arduino-dallas-temperature/mjs_fs:/data/fwbuild-volumes/2.13.0/apps/app1/esp8266/build_contexts/build_ctx_046401972/deps/arduino-dallas-temperature/mjs_fs -v /data/fwbuild-volumes/2.13.0/apps/app1/esp8266/build_contexts/build_ctx_046401972/deps/mqtt/include:/data/fwbuild-volumes/2.13.0/apps/app1/esp8266/build_contexts/build_ctx_046401972/deps/mqtt/include -v /data/fwbuild-volumes/2.13.0/apps/app1/esp8266/build_contexts/build_ctx_046401972/deps/rpc-common/mjs_fs:/data/fwbuild-volumes/2.13.0/apps/app1/esp8266/build_contexts/build_ctx_046401972/deps/rpc-common/mjs_fs -v /data/fwbuild-volumes/2.13.0/apps/app1/esp8266/build_contexts/build_ctx_046401972/build:/data/fwbuild-volumes/2.13.0/apps/app1/esp8266/build_contexts/build_ctx_046401972/build -v /data/fwbuild-volumes/2.13.0/apps/app1/esp8266/build_contexts/build_ctx_046401972/deps/atca/src:/data/fwbuild-volumes/2.13.0/apps/app1/esp8266/build_contexts/build_ctx_046401972/deps/atca/src -v /data/fwbuild-volumes/2.13.0/apps/app1/esp8266/build_contexts/build_ctx_046401972/deps/vfs-dev-part/src:/data/fwbuild-volumes/2.13.0/apps/app1/esp8266/build_contexts/build_ctx_046401972/deps/vfs-dev-part/src -v /data/fwbuild-volumes/2.13.0/apps/app1/esp8266/build_contexts/build_ctx_046401972/deps/wifi/src/esp8266:/data/fwbuild-volumes/2.13.0/apps/app1/esp8266/build_contexts/build_ctx_046401972/deps/wifi/src/esp8266 -v /data/fwbuild-volumes/2.13.0/apps/app1/esp8266/build_contexts/build_ctx_046401972/deps/core/include:/data/fwbuild-volumes/2.13.0/apps/app1/esp8266/build_contexts/build_ctx_046401972/deps/core/include -v /data/fwbuild-volumes/2.13.0/apps/app1/esp8266/build_contexts/build_ctx_046401972/deps/dash/include:/data/fwbuild-volumes/2.13.0/apps/app1/esp8266/build_contexts/build_ctx_046401972/deps/dash/include -v /data/fwbuild-volumes/2.13.0/apps/app1/esp8266/build_contexts/build_ctx_046401972/deps/dash/mjs_fs:/data/fwbuild-volumes/2.13.0/apps/app1/esp8266/build_contexts/build_ctx_046401972/deps/dash/mjs_fs -v /data/fwbuild-volumes/2.13.0/apps/app1/esp8266/build_contexts/build_ctx_046401972/deps/adc/esp8266/src:/data/fwbuild-volumes/2.13.0/apps/app1/esp8266/build_contexts/build_ctx_046401972/deps/adc/esp8266/src -v /data/fwbuild-volumes/2.13.0/apps/app1/esp8266/build_contexts/build_ctx_046401972/deps/rpc-service-config/src:/data/fwbuild-volumes/2.13.0/apps/app1/esp8266/build_contexts/build_ctx_046401972/deps/rpc-service-config/src -v /data/fwbuild-volumes/2.13.0/apps/app1/esp8266/build_contexts/build_ctx_046401972/deps/ota-http-client/include:/data/fwbuild-volumes/2.13.0/apps/app1/esp8266/build_contexts/build_ctx_046401972/deps/ota-http-client/include -v /data/fwbuild-volumes/2.13.0/apps/app1/esp8266/build_contexts/build_ctx_046401972/deps/http-server/include:/data/fwbuild-volumes/2.13.0/apps/app1/esp8266/build_contexts/build_ctx_046401972/deps/http-server/include -v /data/fwbuild-volumes/2.13.0/apps/app1/esp8266/build_contexts/build_ctx_046401972/deps/dht/mjs_fs:/data/fwbuild-volumes/2.13.0/apps/app1/esp8266/build_contexts/build_ctx_046401972/deps/dht/mjs_fs -v /data/fwbuild-volumes/2.13.0/apps/app1/esp8266/build_contexts/build_ctx_046401972/deps/modules/mongoose-os:/data/fwbuild-volumes/2.13.0/apps/app1/esp8266/build_contexts/build_ctx_046401972/deps/modules/mongoose-os -v /data/fwbuild-volumes/2.13.0/apps/app1/esp8266/build_contexts/build_ctx_046401972/build/gen:/data/fwbuild-volumes/2.13.0/apps/app1/esp8266/build_contexts/build_ctx_046401972/build/gen -v /data/fwbuild-volumes/2.13.0/apps/app1/esp8266/build_contexts/build_ctx_046401972/deps/atca/cryptoauthlib/lib/hal:/data/fwbuild-volumes/2.13.0/apps/app1/esp8266/build_contexts/build_ctx_046401972/deps/atca/cryptoauthlib/lib/hal -v /data/fwbuild-volumes/2.13.0/apps/app1/esp8266/build_contexts/build_ctx_046401972/deps/arduino-onewire/src:/data/fwbuild-volumes/2.13.0/apps/app1/esp8266/build_contexts/build_ctx_046401972/deps/arduino-onewire/src -v /data/fwbuild-volumes/2.13.0/apps/app1/esp8266/build_contexts/build_ctx_046401972/deps/mqtt/src:/data/fwbuild-volumes/2.13.0/apps/app1/esp8266/build_contexts/build_ctx_046401972/deps/mqtt/src -v /data/fwbuild-volumes/2.13.0/apps/app1/esp8266/build_contexts/build_ctx_046401972/deps/mjs/fs:/data/fwbuild-volumes/2.13.0/apps/app1/esp8266/build_contexts/build_ctx_046401972/deps/mjs/fs --user 0:0 docker.io/mgos/esp8266-build:2.2.1-1.5.0-r4 /bin/bash -c nice make '-j' '8' '-C' '/app' '-f' '/mongoose-os/fw/platforms/esp8266/Makefile.build' 'all' 'MGOS_VARS_FILE=/data/fwbuild-volumes/2.13.0/apps/app1/esp8266/build_contexts/build_ctx_046401972/build/gen/vars.mk'
make: Entering directory '/app'
  GEN   /data/fwbuild-volumes/2.13.0/apps/app1/esp8266/build_contexts/build_ctx_046401972/build/gen/ffi_exports.c
  CP    /data/fwbuild-volumes/2.13.0/apps/app1/esp8266/build_contexts/build_ctx_046401972/build/gen/conf0.json -> /data/fwbuild-volumes/2.13.0/apps/app1/esp8266/build_contexts/build_ctx_046401972/build/objs/fs
  CP    /data/fwbuild-volumes/2.13.0/apps/app1/esp8266/build_contexts/build_ctx_046401972/deps/ca-bundle/fs/ca.pem -> /data/fwbuild-volumes/2.13.0/apps/app1/esp8266/build_contexts/build_ctx_046401972/build/objs/fs
  CP    /data/fwbuild-volumes/2.13.0/apps/app1/esp8266/build_contexts/build_ctx_046401972/deps/mjs/fs/api_bitbang.js -> /data/fwbuild-volumes/2.13.0/apps/app1/esp8266/build_contexts/build_ctx_046401972/build/objs/fs
  CP    /data/fwbuild-volumes/2.13.0/apps/app1/esp8266/build_contexts/build_ctx_046401972/deps/mjs/fs/api_config.js -> /data/fwbuild-volumes/2.13.0/apps/app1/esp8266/build_contexts/build_ctx_046401972/build/objs/fs
  CP    /data/fwbuild-volumes/2.13.0/apps/app1/esp8266/build_contexts/build_ctx_046401972/deps/mjs/fs/api_events.js -> /data/fwbuild-volumes/2.13.0/apps/app1/esp8266/build_contexts/build_ctx_046401972/build/objs/fs
  CP    /data/fwbuild-volumes/2.13.0/apps/app1/esp8266/build_contexts/build_ctx_046401972/deps/mjs/fs/api_gpio.js -> /data/fwbuild-volumes/2.13.0/apps/app1/esp8266/build_contexts/build_ctx_046401972/build/objs/fs
  CP    /data/fwbuild-volumes/2.13.0/apps/app1/esp8266/build_contexts/build_ctx_046401972/deps/mjs/fs/api_http.js -> /data/fwbuild-volumes/2.13.0/apps/app1/esp8266/build_contexts/build_ctx_046401972/build/objs/fs
  CP    /data/fwbuild-volumes/2.13.0/apps/app1/esp8266/build_contexts/build_ctx_046401972/deps/mjs/fs/api_log.js -> /data/fwbuild-volumes/2.13.0/apps/app1/esp8266/build_contexts/build_ctx_046401972/build/objs/fs
  CP    /data/fwbuild-volumes/2.13.0/apps/app1/esp8266/build_contexts/build_ctx_046401972/deps/mjs/fs/api_net.js -> /data/fwbuild-volumes/2.13.0/apps/app1/esp8266/build_contexts/build_ctx_046401972/build/objs/fs
  CP    /data/fwbuild-volumes/2.13.0/apps/app1/esp8266/build_contexts/build_ctx_046401972/deps/mjs/fs/api_sys.js -> /data/fwbuild-volumes/2.13.0/apps/app1/esp8266/build_contexts/build_ctx_046401972/build/objs/fs
  CP    /data/fwbuild-volumes/2.13.0/apps/app1/esp8266/build_contexts/build_ctx_046401972/deps/mjs/fs/api_timer.js -> /data/fwbuild-volumes/2.13.0/apps/app1/esp8266/build_contexts/build_ctx_046401972/build/objs/fs
  CP    /data/fwbuild-volumes/2.13.0/apps/app1/esp8266/build_contexts/build_ctx_046401972/deps/mjs/fs/api_uart.js -> /data/fwbuild-volumes/2.13.0/apps/app1/esp8266/build_contexts/build_ctx_046401972/build/objs/fs
  CP    /data/fwbuild-volumes/2.13.0/apps/app1/esp8266/build_contexts/build_ctx_046401972/deps/mjs/fs/init.js -> /data/fwbuild-volumes/2.13.0/apps/app1/esp8266/build_contexts/build_ctx_046401972/build/objs/fs
  CP    /data/fwbuild-volumes/2.13.0/apps/app1/esp8266/build_contexts/build_ctx_046401972/deps/modules/mjs/mjs/lib/api_dataview.js -> /data/fwbuild-volumes/2.13.0/apps/app1/esp8266/build_contexts/build_ctx_046401972/build/objs/fs
  CP    /data/fwbuild-volumes/2.13.0/apps/app1/esp8266/build_contexts/build_ctx_046401972/deps/modules/mjs/mjs/lib/api_file.js -> /data/fwbuild-volumes/2.13.0/apps/app1/esp8266/build_contexts/build_ctx_046401972/build/objs/fs
  CP    /data/fwbuild-volumes/2.13.0/apps/app1/esp8266/build_contexts/build_ctx_046401972/deps/modules/mjs/mjs/lib/api_math.js -> /data/fwbuild-volumes/2.13.0/apps/app1/esp8266/build_contexts/build_ctx_046401972/build/objs/fs
  CP    /data/fwbuild-volumes/2.13.0/apps/app1/esp8266/build_contexts/build_ctx_046401972/deps/adc/mjs_fs/api_adc.js -> /data/fwbuild-volumes/2.13.0/apps/app1/esp8266/build_contexts/build_ctx_046401972/build/objs/fs
  CP    /data/fwbuild-volumes/2.13.0/apps/app1/esp8266/build_contexts/build_ctx_046401972/deps/i2c/mjs_fs/api_i2c.js -> /data/fwbuild-volumes/2.13.0/apps/app1/esp8266/build_contexts/build_ctx_046401972/build/objs/fs
  CP    /data/fwbuild-volumes/2.13.0/apps/app1/esp8266/build_contexts/build_ctx_046401972/deps/arduino-onewire/mjs_fs/api_arduino_onewire.js -> /data/fwbuild-volumes/2.13.0/apps/app1/esp8266/build_contexts/build_ctx_046401972/build/objs/fs
  CP    /data/fwbuild-volumes/2.13.0/apps/app1/esp8266/build_contexts/build_ctx_046401972/deps/arduino-dallas-temperature/mjs_fs/api_arduino_dallas_temp.js -> /data/fwbuild-volumes/2.13.0/apps/app1/esp8266/build_contexts/build_ctx_046401972/build/objs/fs
  CP    /data/fwbuild-volumes/2.13.0/apps/app1/esp8266/build_contexts/build_ctx_046401972/deps/ota-http-client/mjs_fs/api_ota.js -> /data/fwbuild-volumes/2.13.0/apps/app1/esp8266/build_contexts/build_ctx_046401972/build/objs/fs
  CP    /data/fwbuild-volumes/2.13.0/apps/app1/esp8266/build_contexts/build_ctx_046401972/deps/shadow/mjs_fs/api_shadow.js -> /data/fwbuild-volumes/2.13.0/apps/app1/esp8266/build_contexts/build_ctx_046401972/build/objs/fs
  CP    /data/fwbuild-volumes/2.13.0/apps/app1/esp8266/build_contexts/build_ctx_046401972/deps/rpc-common/mjs_fs/api_rpc.js -> /data/fwbuild-volumes/2.13.0/apps/app1/esp8266/build_contexts/build_ctx_046401972/build/objs/fs
  CP    /data/fwbuild-volumes/2.13.0/apps/app1/esp8266/build_contexts/build_ctx_046401972/deps/dash/mjs_fs/api_dash.js -> /data/fwbuild-volumes/2.13.0/apps/app1/esp8266/build_contexts/build_ctx_046401972/build/objs/fs
  CP    /data/fwbuild-volumes/2.13.0/apps/app1/esp8266/build_contexts/build_ctx_046401972/deps/dht/mjs_fs/api_dht.js -> /data/fwbuild-volumes/2.13.0/apps/app1/esp8266/build_contexts/build_ctx_046401972/build/objs/fs
  CP    /data/fwbuild-volumes/2.13.0/apps/app1/esp8266/build_contexts/build_ctx_046401972/deps/mqtt/mjs_fs/api_mqtt.js -> /data/fwbuild-volumes/2.13.0/apps/app1/esp8266/build_contexts/build_ctx_046401972/build/objs/fs
  CP    /data/fwbuild-volumes/2.13.0/apps/app1/esp8266/build_contexts/build_ctx_046401972/deps/wifi/mjs_fs/api_wifi.js -> /data/fwbuild-volumes/2.13.0/apps/app1/esp8266/build_contexts/build_ctx_046401972/build/objs/fs
  CP    /data/fwbuild-volumes/2.13.0/apps/app1/esp8266/build_contexts/build_ctx_046401972/deps/mjs/esp8266/fs/api_arch_uart.js -> /data/fwbuild-volumes/2.13.0/apps/app1/esp8266/build_contexts/build_ctx_046401972/build/objs/fs
  CP    /data/fwbuild-volumes/2.13.0/apps/app1/esp8266/build_contexts/build_ctx_046401972/deps/mjs/esp8266/fs/api_esp8266.js -> /data/fwbuild-volumes/2.13.0/apps/app1/esp8266/build_contexts/build_ctx_046401972/build/objs/fs
  CP    /data/fwbuild-volumes/2.13.0/apps/app1/esp8266/build_contexts/build_ctx_046401972/fs/init.js -> /data/fwbuild-volumes/2.13.0/apps/app1/esp8266/build_contexts/build_ctx_046401972/build/objs/fs
  MKFS  /usr/local/bin/mkspiffs8 262144 4096 256 4096 /data/fwbuild-volumes/2.13.0/apps/app1/esp8266/build_contexts/build_ctx_046401972/build/objs/fs -> /data/fwbuild-volumes/2.13.0/apps/app1/esp8266/build_contexts/build_ctx_046401972/build/objs/fw_temp/fs.bin
     FS params: size=262144, bs=4096, ps=256, es=4096
       Adding api_dash.js: 736
       Adding api_arduino_onewire.js: 6247
       Adding api_shadow.js: 1687
       Adding init.js: 5450
       Adding api_net.js: 5122
       Adding api_arduino_dallas_temp.js: 16301
       Adding api_i2c.js: 4880
       Adding api_wifi.js: 1020
       Adding api_http.js: 3812
       Adding api_events.js: 3857
       Adding api_config.js: 2170
       Adding api_mqtt.js: 2927
       Adding api_rpc.js: 2792
       Adding api_file.js: 2105
       Adding api_math.js: 1890
       Adding api_gpio.js: 3571
       Adding api_timer.js: 1750
       Adding api_uart.js: 5772
       Adding api_bitbang.js: 815
       Adding api_adc.js: 803
       Adding api_arch_uart.js: 651
       Adding api_sys.js: 1652
       Adding api_ota.js: 278
       Adding api_log.js: 2005
       Adding api_esp8266.js: 231
       Adding api_dht.js: 1404
       Adding ca.pem: 25586
       Adding api_dataview.js: 7433
       Adding conf0.json: 2270
     FS stats : space total=233681, used=126002, free=107679
  CC    /data/fwbuild-volumes/2.13.0/apps/app1/esp8266/build_contexts/build_ctx_046401972/build/gen/ffi_exports.c
  LD    /data/fwbuild-volumes/2.13.0/apps/app1/esp8266/build_contexts/build_ctx_046401972/build/objs/app1.elf
  FW    /data/fwbuild-volumes/2.13.0/apps/app1/esp8266/build_contexts/build_ctx_046401972/build/objs/app1.elf -> /data/fwbuild-volumes/2.13.0/apps/app1/esp8266/build_contexts/build_ctx_046401972/build/objs/app1.bin
  GEN    /data/fwbuild-volumes/2.13.0/apps/app1/esp8266/build_contexts/build_ctx_046401972/build/objs/fw_temp/manifest.json
  ZIP    /data/fwbuild-volumes/2.13.0/apps/app1/esp8266/build_contexts/build_ctx_046401972/build/fw/app1-esp8266-last.zip
     Adding /data/fwbuild-volumes/2.13.0/apps/app1/esp8266/build_contexts/build_ctx_046401972/build/objs/fw_temp/app1.bin
     Adding /data/fwbuild-volumes/2.13.0/apps/app1/esp8266/build_contexts/build_ctx_046401972/build/objs/fw_temp/esp_init_data_default_v08.bin
     Adding /data/fwbuild-volumes/2.13.0/apps/app1/esp8266/build_contexts/build_ctx_046401972/build/objs/fw_temp/fs.bin
     Adding /data/fwbuild-volumes/2.13.0/apps/app1/esp8266/build_contexts/build_ctx_046401972/build/objs/fw_temp/rboot.bin
  Built app1/esp8266 version 1.0 (20190514-233448)
make: Leaving directory '/app'
Success, built app1/esp8266 version 1.0 (20190514-233448).
Firmware saved to /data/fwbuild-volumes/2.13.0/apps/app1/esp8266/build_contexts/build_ctx_046401972/build/fw.zip
By the way, there is a newer version available: "2.13.1" (you use "2.13.0"). Run "mos update" to upgrade.
